CRITICAL - 2024-04-02 16:43:28 --> ParseError: syntax error, unexpected 'public' (T_PUBLIC)
in APPPATH\Controllers\Products.php on line 11.
 1 SYSTEMPATH\Autoloader\Autoloader.php(290): CodeIgniter\Autoloader\Autoloader->includeFile()
 2 SYSTEMPATH\Autoloader\Autoloader.php(266): CodeIgniter\Autoloader\Autoloader->loadInNamespace()
 3 [internal function]: CodeIgniter\Autoloader\Autoloader->loadClass()
 4 [internal function]: spl_autoload_call()
 5 SYSTEMPATH\CodeIgniter.php(899): class_exists()
 6 SYSTEMPATH\CodeIgniter.php(489): CodeIgniter\CodeIgniter->startController()
 7 SYSTEMPATH\CodeIgniter.php(361): CodeIgniter\CodeIgniter->handleRequest()
 8 FCPATH\index.php(79): CodeIgniter\CodeIgniter->run()
CRITICAL - 2024-04-02 16:52:27 --> Error: Class 'App\Controllers\ProductModel' not found
in APPPATH\Controllers\Products.php on line 14.
 1 SYSTEMPATH\CodeIgniter.php(941): App\Controllers\Products->products()
 2 SYSTEMPATH\CodeIgniter.php(502): CodeIgniter\CodeIgniter->runController()
 3 SYSTEMPATH\CodeIgniter.php(361): CodeIgniter\CodeIgniter->handleRequest()
 4 FCPATH\index.php(79): CodeIgniter\CodeIgniter->run()
CRITICAL - 2024-04-02 16:53:38 --> CodeIgniter\Database\Exceptions\DataException: There is no data to insert.
in SYSTEMPATH\BaseModel.php on line 1778.
 1 SYSTEMPATH\BaseModel.php(1778): CodeIgniter\Database\Exceptions\DataException::forEmptyDataset()
 2 SYSTEMPATH\BaseModel.php(768): CodeIgniter\BaseModel->transformDataToArray()
 3 SYSTEMPATH\Model.php(744): CodeIgniter\BaseModel->insert()
 4 APPPATH\Models\ProductModel.php(12): CodeIgniter\Model->insert()
 5 APPPATH\Controllers\Products.php(16): App\Models\ProductModel->saveProduct()
 6 SYSTEMPATH\CodeIgniter.php(941): App\Controllers\Products->products()
 7 SYSTEMPATH\CodeIgniter.php(502): CodeIgniter\CodeIgniter->runController()
 8 SYSTEMPATH\CodeIgniter.php(361): CodeIgniter\CodeIgniter->handleRequest()
 9 FCPATH\index.php(79): CodeIgniter\CodeIgniter->run()
CRITICAL - 2024-04-02 17:03:56 --> ParseError: syntax error, unexpected '$productsbeg' (T_VARIABLE), expecting function (T_FUNCTION) or const (T_CONST)
in APPPATH\Models\ProductModel.php on line 7.
 1 SYSTEMPATH\Autoloader\Autoloader.php(290): CodeIgniter\Autoloader\Autoloader->includeFile()
 2 SYSTEMPATH\Autoloader\Autoloader.php(266): CodeIgniter\Autoloader\Autoloader->loadInNamespace()
 3 [internal function]: CodeIgniter\Autoloader\Autoloader->loadClass()
 4 [internal function]: spl_autoload_call()
 5 SYSTEMPATH\Config\Factories.php(280): class_exists()
 6 SYSTEMPATH\Config\Factories.php(199): CodeIgniter\Config\Factories::locateClass()
 7 SYSTEMPATH\Config\Factories.php(158): CodeIgniter\Config\Factories::getDefinedInstance()
 8 SYSTEMPATH\Common.php(813): CodeIgniter\Config\Factories::__callStatic()
 9 APPPATH\Controllers\Products.php(14): model()
10 SYSTEMPATH\CodeIgniter.php(941): App\Controllers\Products->products()
11 SYSTEMPATH\CodeIgniter.php(502): CodeIgniter\CodeIgniter->runController()
12 SYSTEMPATH\CodeIgniter.php(361): CodeIgniter\CodeIgniter->handleRequest()
13 FCPATH\index.php(79): CodeIgniter\CodeIgniter->run()
CRITICAL - 2024-04-02 17:22:57 --> ErrorException: Cannot redeclare App\Models\ProductModel::$table
in APPPATH\Models\ProductModel.php on line 9.
 1 [internal function]: CodeIgniter\Debug\Exceptions->shutdownHandler()
CRITICAL - 2024-04-02 17:44:41 --> Error: Class 'App\Controllers\TaskView' not found
in APPPATH\Controllers\Products.php on line 15.
 1 SYSTEMPATH\CodeIgniter.php(941): App\Controllers\Products->products()
 2 SYSTEMPATH\CodeIgniter.php(502): CodeIgniter\CodeIgniter->runController()
 3 SYSTEMPATH\CodeIgniter.php(361): CodeIgniter\CodeIgniter->handleRequest()
 4 FCPATH\index.php(79): CodeIgniter\CodeIgniter->run()
CRITICAL - 2024-04-02 17:45:00 --> Error: Class 'App\Controllers\TaskView' not found
in APPPATH\Controllers\Products.php on line 15.
 1 SYSTEMPATH\CodeIgniter.php(941): App\Controllers\Products->products()
 2 SYSTEMPATH\CodeIgniter.php(502): CodeIgniter\CodeIgniter->runController()
 3 SYSTEMPATH\CodeIgniter.php(361): CodeIgniter\CodeIgniter->handleRequest()
 4 FCPATH\index.php(79): CodeIgniter\CodeIgniter->run()
CRITICAL - 2024-04-02 17:45:28 --> ParseError: syntax error, unexpected '::' (T_PAAMAYIM_NEKUDOTAYIM)
in APPPATH\Controllers\Products.php on line 15.
 1 SYSTEMPATH\Autoloader\Autoloader.php(290): CodeIgniter\Autoloader\Autoloader->includeFile()
 2 SYSTEMPATH\Autoloader\Autoloader.php(266): CodeIgniter\Autoloader\Autoloader->loadInNamespace()
 3 [internal function]: CodeIgniter\Autoloader\Autoloader->loadClass()
 4 [internal function]: spl_autoload_call()
 5 SYSTEMPATH\CodeIgniter.php(899): class_exists()
 6 SYSTEMPATH\CodeIgniter.php(489): CodeIgniter\CodeIgniter->startController()
 7 SYSTEMPATH\CodeIgniter.php(361): CodeIgniter\CodeIgniter->handleRequest()
 8 FCPATH\index.php(79): CodeIgniter\CodeIgniter->run()
CRITICAL - 2024-04-02 17:47:10 --> CodeIgniter\View\Exceptions\ViewException: Invalid file: "templates/table.php"
in SYSTEMPATH\Exceptions\FrameworkException.php on line 39.
 1 SYSTEMPATH\View\View.php(216): CodeIgniter\Exceptions\FrameworkException::forInvalidFile()
 2 SYSTEMPATH\Common.php(1178): CodeIgniter\View\View->render()
 3 APPPATH\Views\ProductsView.php(9): view()
 4 APPPATH\Controllers\Products.php(16): App\Views\ProductsView::Table()
 5 SYSTEMPATH\CodeIgniter.php(941): App\Controllers\Products->products()
 6 SYSTEMPATH\CodeIgniter.php(502): CodeIgniter\CodeIgniter->runController()
 7 SYSTEMPATH\CodeIgniter.php(361): CodeIgniter\CodeIgniter->handleRequest()
 8 FCPATH\index.php(79): CodeIgniter\CodeIgniter->run()
CRITICAL - 2024-04-02 17:49:37 --> CodeIgniter\View\Exceptions\ViewException: Invalid file: "templates/table.php"
in SYSTEMPATH\Exceptions\FrameworkException.php on line 39.
 1 SYSTEMPATH\View\View.php(216): CodeIgniter\Exceptions\FrameworkException::forInvalidFile()
 2 SYSTEMPATH\Common.php(1178): CodeIgniter\View\View->render()
 3 APPPATH\Views\ProductsView.php(9): view()
 4 APPPATH\Controllers\Products.php(16): App\Views\ProductsView::Table()
 5 SYSTEMPATH\CodeIgniter.php(941): App\Controllers\Products->products()
 6 SYSTEMPATH\CodeIgniter.php(502): CodeIgniter\CodeIgniter->runController()
 7 SYSTEMPATH\CodeIgniter.php(361): CodeIgniter\CodeIgniter->handleRequest()
 8 FCPATH\index.php(79): CodeIgniter\CodeIgniter->run()
CRITICAL - 2024-04-02 17:53:42 --> CodeIgniter\View\Exceptions\ViewException: Invalid file: "templates/table.php"
in SYSTEMPATH\Exceptions\FrameworkException.php on line 39.
 1 SYSTEMPATH\View\View.php(216): CodeIgniter\Exceptions\FrameworkException::forInvalidFile()
 2 SYSTEMPATH\Common.php(1178): CodeIgniter\View\View->render()
 3 APPPATH\Views\ProductsView.php(13): view()
 4 APPPATH\Controllers\Products.php(18): App\Views\ProductsView::Table()
 5 SYSTEMPATH\CodeIgniter.php(941): App\Controllers\Products->products()
 6 SYSTEMPATH\CodeIgniter.php(502): CodeIgniter\CodeIgniter->runController()
 7 SYSTEMPATH\CodeIgniter.php(361): CodeIgniter\CodeIgniter->handleRequest()
 8 FCPATH\index.php(79): CodeIgniter\CodeIgniter->run()
CRITICAL - 2024-04-02 17:58:19 --> CodeIgniter\View\Exceptions\ViewException: Invalid file: "templates/table.php"
in SYSTEMPATH\Exceptions\FrameworkException.php on line 39.
 1 SYSTEMPATH\View\View.php(216): CodeIgniter\Exceptions\FrameworkException::forInvalidFile()
 2 SYSTEMPATH\Common.php(1178): CodeIgniter\View\View->render()
 3 APPPATH\Views\ProductsView.php(13): view()
 4 APPPATH\Controllers\Products.php(18): App\Views\ProductsView::Table()
 5 SYSTEMPATH\CodeIgniter.php(941): App\Controllers\Products->products()
 6 SYSTEMPATH\CodeIgniter.php(502): CodeIgniter\CodeIgniter->runController()
 7 SYSTEMPATH\CodeIgniter.php(361): CodeIgniter\CodeIgniter->handleRequest()
 8 FCPATH\index.php(79): CodeIgniter\CodeIgniter->run()
CRITICAL - 2024-04-02 17:59:22 --> CodeIgniter\View\Exceptions\ViewException: Invalid file: "templates/table.php"
in SYSTEMPATH\Exceptions\FrameworkException.php on line 39.
 1 SYSTEMPATH\View\View.php(216): CodeIgniter\Exceptions\FrameworkException::forInvalidFile()
 2 SYSTEMPATH\Common.php(1178): CodeIgniter\View\View->render()
 3 APPPATH\Views\ProductsView.php(13): view()
 4 APPPATH\Controllers\Products.php(18): App\Views\ProductsView::Table()
 5 SYSTEMPATH\CodeIgniter.php(941): App\Controllers\Products->products()
 6 SYSTEMPATH\CodeIgniter.php(502): CodeIgniter\CodeIgniter->runController()
 7 SYSTEMPATH\CodeIgniter.php(361): CodeIgniter\CodeIgniter->handleRequest()
 8 FCPATH\index.php(79): CodeIgniter\CodeIgniter->run()
CRITICAL - 2024-04-02 18:14:46 --> CodeIgniter\View\Exceptions\ViewException: Invalid file: "templates/table.php"
in SYSTEMPATH\Exceptions\FrameworkException.php on line 39.
 1 SYSTEMPATH\View\View.php(216): CodeIgniter\Exceptions\FrameworkException::forInvalidFile()
 2 SYSTEMPATH\Common.php(1178): CodeIgniter\View\View->render()
 3 APPPATH\Views\ProductsView.php(13): view()
 4 APPPATH\Controllers\Products.php(18): App\Views\ProductsView::Table()
 5 SYSTEMPATH\CodeIgniter.php(941): App\Controllers\Products->products()
 6 SYSTEMPATH\CodeIgniter.php(502): CodeIgniter\CodeIgniter->runController()
 7 SYSTEMPATH\CodeIgniter.php(361): CodeIgniter\CodeIgniter->handleRequest()
 8 FCPATH\index.php(79): CodeIgniter\CodeIgniter->run()
CRITICAL - 2024-04-02 18:17:51 --> CodeIgniter\View\Exceptions\ViewException: Invalid file: "templates/table.php"
in SYSTEMPATH\Exceptions\FrameworkException.php on line 39.
 1 SYSTEMPATH\View\View.php(216): CodeIgniter\Exceptions\FrameworkException::forInvalidFile()
 2 SYSTEMPATH\Common.php(1178): CodeIgniter\View\View->render()
 3 APPPATH\Views\ProductsView.php(13): view()
 4 APPPATH\Controllers\Products.php(18): App\Views\ProductsView::Table()
 5 SYSTEMPATH\CodeIgniter.php(941): App\Controllers\Products->products()
 6 SYSTEMPATH\CodeIgniter.php(502): CodeIgniter\CodeIgniter->runController()
 7 SYSTEMPATH\CodeIgniter.php(361): CodeIgniter\CodeIgniter->handleRequest()
 8 FCPATH\index.php(79): CodeIgniter\CodeIgniter->run()
CRITICAL - 2024-04-02 18:17:54 --> CodeIgniter\View\Exceptions\ViewException: Invalid file: "templates/table.php"
in SYSTEMPATH\Exceptions\FrameworkException.php on line 39.
 1 SYSTEMPATH\View\View.php(216): CodeIgniter\Exceptions\FrameworkException::forInvalidFile()
 2 SYSTEMPATH\Common.php(1178): CodeIgniter\View\View->render()
 3 APPPATH\Views\ProductsView.php(13): view()
 4 APPPATH\Controllers\Products.php(18): App\Views\ProductsView::Table()
 5 SYSTEMPATH\CodeIgniter.php(941): App\Controllers\Products->products()
 6 SYSTEMPATH\CodeIgniter.php(502): CodeIgniter\CodeIgniter->runController()
 7 SYSTEMPATH\CodeIgniter.php(361): CodeIgniter\CodeIgniter->handleRequest()
 8 FCPATH\index.php(79): CodeIgniter\CodeIgniter->run()
CRITICAL - 2024-04-02 18:17:55 --> CodeIgniter\View\Exceptions\ViewException: Invalid file: "templates/table.php"
in SYSTEMPATH\Exceptions\FrameworkException.php on line 39.
 1 SYSTEMPATH\View\View.php(216): CodeIgniter\Exceptions\FrameworkException::forInvalidFile()
 2 SYSTEMPATH\Common.php(1178): CodeIgniter\View\View->render()
 3 APPPATH\Views\ProductsView.php(13): view()
 4 APPPATH\Controllers\Products.php(18): App\Views\ProductsView::Table()
 5 SYSTEMPATH\CodeIgniter.php(941): App\Controllers\Products->products()
 6 SYSTEMPATH\CodeIgniter.php(502): CodeIgniter\CodeIgniter->runController()
 7 SYSTEMPATH\CodeIgniter.php(361): CodeIgniter\CodeIgniter->handleRequest()
 8 FCPATH\index.php(79): CodeIgniter\CodeIgniter->run()
CRITICAL - 2024-04-02 18:18:13 --> CodeIgniter\View\Exceptions\ViewException: Invalid file: "templates/table.php"
in SYSTEMPATH\Exceptions\FrameworkException.php on line 39.
 1 SYSTEMPATH\View\View.php(216): CodeIgniter\Exceptions\FrameworkException::forInvalidFile()
 2 SYSTEMPATH\Common.php(1178): CodeIgniter\View\View->render()
 3 APPPATH\Views\ProductsView.php(13): view()
 4 APPPATH\Controllers\Products.php(18): App\Views\ProductsView::Table()
 5 SYSTEMPATH\CodeIgniter.php(941): App\Controllers\Products->products()
 6 SYSTEMPATH\CodeIgniter.php(502): CodeIgniter\CodeIgniter->runController()
 7 SYSTEMPATH\CodeIgniter.php(361): CodeIgniter\CodeIgniter->handleRequest()
 8 FCPATH\index.php(79): CodeIgniter\CodeIgniter->run()
CRITICAL - 2024-04-02 18:18:16 --> CodeIgniter\View\Exceptions\ViewException: Invalid file: "templates/table.php"
in SYSTEMPATH\Exceptions\FrameworkException.php on line 39.
 1 SYSTEMPATH\View\View.php(216): CodeIgniter\Exceptions\FrameworkException::forInvalidFile()
 2 SYSTEMPATH\Common.php(1178): CodeIgniter\View\View->render()
 3 APPPATH\Views\ProductsView.php(13): view()
 4 APPPATH\Controllers\Products.php(18): App\Views\ProductsView::Table()
 5 SYSTEMPATH\CodeIgniter.php(941): App\Controllers\Products->products()
 6 SYSTEMPATH\CodeIgniter.php(502): CodeIgniter\CodeIgniter->runController()
 7 SYSTEMPATH\CodeIgniter.php(361): CodeIgniter\CodeIgniter->handleRequest()
 8 FCPATH\index.php(79): CodeIgniter\CodeIgniter->run()
