CRITICAL - 2024-04-07 14:25:47 --> ErrorException: Trying to get property 'title' of non-object
in APPPATH\Views\template\table.php on line 16.
 1 APPPATH\Views\template\table.php(16): CodeIgniter\Debug\Exceptions->errorHandler()
 2 SYSTEMPATH\View\View.php(228): include('C:\\Program Files\\Ampps\\www\\codelhomework-php\\app\\Views\\template\\table.php')
 3 SYSTEMPATH\View\View.php(231): CodeIgniter\View\View->CodeIgniter\View\{closure}()
 4 SYSTEMPATH\Common.php(1178): CodeIgniter\View\View->render()
 5 APPPATH\Views\ProductsView.php(13): view()
 6 APPPATH\Controllers\Products.php(18): App\Views\ProductsView::Table()
 7 SYSTEMPATH\CodeIgniter.php(941): App\Controllers\Products->products()
 8 SYSTEMPATH\CodeIgniter.php(502): CodeIgniter\CodeIgniter->runController()
 9 SYSTEMPATH\CodeIgniter.php(361): CodeIgniter\CodeIgniter->handleRequest()
10 FCPATH\index.php(79): CodeIgniter\CodeIgniter->run()
CRITICAL - 2024-04-07 14:26:29 --> ErrorException: Trying to get property 'title' of non-object
in APPPATH\Views\template\table.php on line 16.
 1 APPPATH\Views\template\table.php(16): CodeIgniter\Debug\Exceptions->errorHandler()
 2 SYSTEMPATH\View\View.php(228): include('C:\\Program Files\\Ampps\\www\\codelhomework-php\\app\\Views\\template\\table.php')
 3 SYSTEMPATH\View\View.php(231): CodeIgniter\View\View->CodeIgniter\View\{closure}()
 4 SYSTEMPATH\Common.php(1178): CodeIgniter\View\View->render()
 5 APPPATH\Views\ProductsView.php(13): view()
 6 APPPATH\Controllers\Products.php(18): App\Views\ProductsView::Table()
 7 SYSTEMPATH\CodeIgniter.php(941): App\Controllers\Products->products()
 8 SYSTEMPATH\CodeIgniter.php(502): CodeIgniter\CodeIgniter->runController()
 9 SYSTEMPATH\CodeIgniter.php(361): CodeIgniter\CodeIgniter->handleRequest()
10 FCPATH\index.php(79): CodeIgniter\CodeIgniter->run()
CRITICAL - 2024-04-07 14:26:44 --> ErrorException: Trying to get property 'title' of non-object
in APPPATH\Views\template\table.php on line 16.
 1 APPPATH\Views\template\table.php(16): CodeIgniter\Debug\Exceptions->errorHandler()
 2 SYSTEMPATH\View\View.php(228): include('C:\\Program Files\\Ampps\\www\\codelhomework-php\\app\\Views\\template\\table.php')
 3 SYSTEMPATH\View\View.php(231): CodeIgniter\View\View->CodeIgniter\View\{closure}()
 4 SYSTEMPATH\Common.php(1178): CodeIgniter\View\View->render()
 5 APPPATH\Views\ProductsView.php(13): view()
 6 APPPATH\Controllers\Products.php(18): App\Views\ProductsView::Table()
 7 SYSTEMPATH\CodeIgniter.php(941): App\Controllers\Products->products()
 8 SYSTEMPATH\CodeIgniter.php(502): CodeIgniter\CodeIgniter->runController()
 9 SYSTEMPATH\CodeIgniter.php(361): CodeIgniter\CodeIgniter->handleRequest()
10 FCPATH\index.php(79): CodeIgniter\CodeIgniter->run()
CRITICAL - 2024-04-07 14:30:05 --> ErrorException: Trying to get property 'title' of non-object
in APPPATH\Views\template\table.php on line 15.
 1 APPPATH\Views\template\table.php(15): CodeIgniter\Debug\Exceptions->errorHandler()
 2 SYSTEMPATH\View\View.php(228): include('C:\\Program Files\\Ampps\\www\\codelhomework-php\\app\\Views\\template\\table.php')
 3 SYSTEMPATH\View\View.php(231): CodeIgniter\View\View->CodeIgniter\View\{closure}()
 4 SYSTEMPATH\Common.php(1178): CodeIgniter\View\View->render()
 5 APPPATH\Views\ProductsView.php(13): view()
 6 APPPATH\Controllers\Products.php(18): App\Views\ProductsView::Table()
 7 SYSTEMPATH\CodeIgniter.php(941): App\Controllers\Products->products()
 8 SYSTEMPATH\CodeIgniter.php(502): CodeIgniter\CodeIgniter->runController()
 9 SYSTEMPATH\CodeIgniter.php(361): CodeIgniter\CodeIgniter->handleRequest()
10 FCPATH\index.php(79): CodeIgniter\CodeIgniter->run()
CRITICAL - 2024-04-07 14:44:36 --> Error: Call to undefined method App\Controllers\Product::findAll()
in APPPATH\Controllers\Products.php on line 17.
 1 SYSTEMPATH\CodeIgniter.php(941): App\Controllers\Products->products()
 2 SYSTEMPATH\CodeIgniter.php(502): CodeIgniter\CodeIgniter->runController()
 3 SYSTEMPATH\CodeIgniter.php(361): CodeIgniter\CodeIgniter->handleRequest()
 4 FCPATH\index.php(79): CodeIgniter\CodeIgniter->run()
CRITICAL - 2024-04-07 14:47:21 --> Error: Class 'App\Models\ProductModel' not found
in APPPATH\Controllers\Products.php on line 16.
 1 SYSTEMPATH\CodeIgniter.php(941): App\Controllers\Products->products()
 2 SYSTEMPATH\CodeIgniter.php(502): CodeIgniter\CodeIgniter->runController()
 3 SYSTEMPATH\CodeIgniter.php(361): CodeIgniter\CodeIgniter->handleRequest()
 4 FCPATH\index.php(79): CodeIgniter\CodeIgniter->run()
CRITICAL - 2024-04-07 14:50:56 --> Error: Class 'App\Models\ProductModel' not found
in APPPATH\Controllers\Products.php on line 17.
 1 SYSTEMPATH\CodeIgniter.php(941): App\Controllers\Products->products()
 2 SYSTEMPATH\CodeIgniter.php(502): CodeIgniter\CodeIgniter->runController()
 3 SYSTEMPATH\CodeIgniter.php(361): CodeIgniter\CodeIgniter->handleRequest()
 4 FCPATH\index.php(79): CodeIgniter\CodeIgniter->run()
CRITICAL - 2024-04-07 14:53:11 --> Error: Call to undefined method App\Controllers\Product::findAll()
in APPPATH\Controllers\Products.php on line 17.
 1 SYSTEMPATH\CodeIgniter.php(941): App\Controllers\Products->products()
 2 SYSTEMPATH\CodeIgniter.php(502): CodeIgniter\CodeIgniter->runController()
 3 SYSTEMPATH\CodeIgniter.php(361): CodeIgniter\CodeIgniter->handleRequest()
 4 FCPATH\index.php(79): CodeIgniter\CodeIgniter->run()
CRITICAL - 2024-04-07 14:57:09 --> Error: Class 'App\Models\ProductModel' not found
in APPPATH\Controllers\Products.php on line 15.
 1 SYSTEMPATH\CodeIgniter.php(941): App\Controllers\Products->products()
 2 SYSTEMPATH\CodeIgniter.php(502): CodeIgniter\CodeIgniter->runController()
 3 SYSTEMPATH\CodeIgniter.php(361): CodeIgniter\CodeIgniter->handleRequest()
 4 FCPATH\index.php(79): CodeIgniter\CodeIgniter->run()
CRITICAL - 2024-04-07 14:58:04 --> ErrorException: Trying to get property 'title' of non-object
in APPPATH\Views\template\table.php on line 16.
 1 APPPATH\Views\template\table.php(16): CodeIgniter\Debug\Exceptions->errorHandler()
 2 SYSTEMPATH\View\View.php(228): include('C:\\Program Files\\Ampps\\www\\codelhomework-php\\app\\Views\\template\\table.php')
 3 SYSTEMPATH\View\View.php(231): CodeIgniter\View\View->CodeIgniter\View\{closure}()
 4 SYSTEMPATH\Common.php(1178): CodeIgniter\View\View->render()
 5 APPPATH\Views\ProductsView.php(13): view()
 6 APPPATH\Controllers\Products.php(18): App\Views\ProductsView::Table()
 7 SYSTEMPATH\CodeIgniter.php(941): App\Controllers\Products->products()
 8 SYSTEMPATH\CodeIgniter.php(502): CodeIgniter\CodeIgniter->runController()
 9 SYSTEMPATH\CodeIgniter.php(361): CodeIgniter\CodeIgniter->handleRequest()
10 FCPATH\index.php(79): CodeIgniter\CodeIgniter->run()
CRITICAL - 2024-04-07 15:00:56 --> Error: Call to undefined method App\Controllers\Product::findAll()
in APPPATH\Controllers\Products.php on line 17.
 1 SYSTEMPATH\CodeIgniter.php(941): App\Controllers\Products->products()
 2 SYSTEMPATH\CodeIgniter.php(502): CodeIgniter\CodeIgniter->runController()
 3 SYSTEMPATH\CodeIgniter.php(361): CodeIgniter\CodeIgniter->handleRequest()
 4 FCPATH\index.php(79): CodeIgniter\CodeIgniter->run()
CRITICAL - 2024-04-07 15:01:24 --> Error: Call to undefined method App\Controllers\Product::findAll()
in APPPATH\Controllers\Products.php on line 17.
 1 SYSTEMPATH\CodeIgniter.php(941): App\Controllers\Products->products()
 2 SYSTEMPATH\CodeIgniter.php(502): CodeIgniter\CodeIgniter->runController()
 3 SYSTEMPATH\CodeIgniter.php(361): CodeIgniter\CodeIgniter->handleRequest()
 4 FCPATH\index.php(79): CodeIgniter\CodeIgniter->run()
CRITICAL - 2024-04-07 15:03:37 --> Error: Call to undefined method App\Controllers\Product::findAll()
in APPPATH\Controllers\Products.php on line 17.
 1 SYSTEMPATH\CodeIgniter.php(941): App\Controllers\Products->products()
 2 SYSTEMPATH\CodeIgniter.php(502): CodeIgniter\CodeIgniter->runController()
 3 SYSTEMPATH\CodeIgniter.php(361): CodeIgniter\CodeIgniter->handleRequest()
 4 FCPATH\index.php(79): CodeIgniter\CodeIgniter->run()
CRITICAL - 2024-04-07 15:05:09 --> Error: Call to undefined method App\Controllers\Product::findAll()
in APPPATH\Controllers\Products.php on line 18.
 1 SYSTEMPATH\CodeIgniter.php(941): App\Controllers\Products->products()
 2 SYSTEMPATH\CodeIgniter.php(502): CodeIgniter\CodeIgniter->runController()
 3 SYSTEMPATH\CodeIgniter.php(361): CodeIgniter\CodeIgniter->handleRequest()
 4 FCPATH\index.php(79): CodeIgniter\CodeIgniter->run()
CRITICAL - 2024-04-07 15:05:51 --> Error: Call to undefined method App\Controllers\Product::findAll()
in APPPATH\Controllers\Products.php on line 18.
 1 SYSTEMPATH\CodeIgniter.php(941): App\Controllers\Products->products()
 2 SYSTEMPATH\CodeIgniter.php(502): CodeIgniter\CodeIgniter->runController()
 3 SYSTEMPATH\CodeIgniter.php(361): CodeIgniter\CodeIgniter->handleRequest()
 4 FCPATH\index.php(79): CodeIgniter\CodeIgniter->run()
CRITICAL - 2024-04-07 15:13:03 --> Error: Call to undefined method App\Controllers\Product::findAll()
in APPPATH\Controllers\Products.php on line 18.
 1 SYSTEMPATH\CodeIgniter.php(941): App\Controllers\Products->products()
 2 SYSTEMPATH\CodeIgniter.php(502): CodeIgniter\CodeIgniter->runController()
 3 SYSTEMPATH\CodeIgniter.php(361): CodeIgniter\CodeIgniter->handleRequest()
 4 FCPATH\index.php(79): CodeIgniter\CodeIgniter->run()
CRITICAL - 2024-04-07 15:14:32 --> Error: Call to undefined method App\Controllers\Product::findAll()
in APPPATH\Controllers\Products.php on line 18.
 1 SYSTEMPATH\CodeIgniter.php(941): App\Controllers\Products->products()
 2 SYSTEMPATH\CodeIgniter.php(502): CodeIgniter\CodeIgniter->runController()
 3 SYSTEMPATH\CodeIgniter.php(361): CodeIgniter\CodeIgniter->handleRequest()
 4 FCPATH\index.php(79): CodeIgniter\CodeIgniter->run()
CRITICAL - 2024-04-07 15:16:33 --> ErrorException: Trying to get property 'title' of non-object
in APPPATH\Views\template\table.php on line 16.
 1 APPPATH\Views\template\table.php(16): CodeIgniter\Debug\Exceptions->errorHandler()
 2 SYSTEMPATH\View\View.php(228): include('C:\\Program Files\\Ampps\\www\\codelhomework-php\\app\\Views\\template\\table.php')
 3 SYSTEMPATH\View\View.php(231): CodeIgniter\View\View->CodeIgniter\View\{closure}()
 4 SYSTEMPATH\Common.php(1178): CodeIgniter\View\View->render()
 5 APPPATH\Views\ProductsView.php(13): view()
 6 APPPATH\Controllers\Products.php(19): App\Views\ProductsView::Table()
 7 SYSTEMPATH\CodeIgniter.php(941): App\Controllers\Products->products()
 8 SYSTEMPATH\CodeIgniter.php(502): CodeIgniter\CodeIgniter->runController()
 9 SYSTEMPATH\CodeIgniter.php(361): CodeIgniter\CodeIgniter->handleRequest()
10 FCPATH\index.php(79): CodeIgniter\CodeIgniter->run()
