CRITICAL - 2024-04-04 14:37:17 --> CodeIgniter\View\Exceptions\ViewException: Invalid file: "templates/table.php"
in SYSTEMPATH\Exceptions\FrameworkException.php on line 39.
 1 SYSTEMPATH\View\View.php(216): CodeIgniter\Exceptions\FrameworkException::forInvalidFile()
 2 SYSTEMPATH\Common.php(1178): CodeIgniter\View\View->render()
 3 APPPATH\Views\ProductsView.php(13): view()
 4 APPPATH\Controllers\Products.php(18): App\Views\ProductsView::Table()
 5 SYSTEMPATH\CodeIgniter.php(941): App\Controllers\Products->products()
 6 SYSTEMPATH\CodeIgniter.php(502): CodeIgniter\CodeIgniter->runController()
 7 SYSTEMPATH\CodeIgniter.php(361): CodeIgniter\CodeIgniter->handleRequest()
 8 FCPATH\index.php(79): CodeIgniter\CodeIgniter->run()
CRITICAL - 2024-04-04 16:04:40 --> ArgumentCountError: Too few arguments to function App\Views\IndexView::SuccessMessage(), 1 passed in C:\Program Files\Ampps\www\codelhomework-php\app\Controllers\Service.php on line 14 and exactly 2 expected
in APPPATH\Views\IndexView.php on line 18.
 1 APPPATH\Controllers\Service.php(14): App\Views\IndexView::SuccessMessage()
 2 SYSTEMPATH\CodeIgniter.php(941): App\Controllers\Service->service()
 3 SYSTEMPATH\CodeIgniter.php(502): CodeIgniter\CodeIgniter->runController()
 4 SYSTEMPATH\CodeIgniter.php(361): CodeIgniter\CodeIgniter->handleRequest()
 5 FCPATH\index.php(79): CodeIgniter\CodeIgniter->run()
CRITICAL - 2024-04-04 17:35:24 --> ParseError: syntax error, unexpected ')', expecting variable (T_VARIABLE)
in APPPATH\Views\IndexView.php on line 39.
 1 SYSTEMPATH\Autoloader\Autoloader.php(290): CodeIgniter\Autoloader\Autoloader->includeFile()
 2 SYSTEMPATH\Autoloader\Autoloader.php(266): CodeIgniter\Autoloader\Autoloader->loadInNamespace()
 3 [internal function]: CodeIgniter\Autoloader\Autoloader->loadClass()
 4 APPPATH\Controllers\Service.php(12): spl_autoload_call()
 5 SYSTEMPATH\CodeIgniter.php(941): App\Controllers\Service->service()
 6 SYSTEMPATH\CodeIgniter.php(502): CodeIgniter\CodeIgniter->runController()
 7 SYSTEMPATH\CodeIgniter.php(361): CodeIgniter\CodeIgniter->handleRequest()
 8 FCPATH\index.php(79): CodeIgniter\CodeIgniter->run()
CRITICAL - 2024-04-04 17:35:45 --> Error: Call to undefined method App\Views\IndexView::CreationForm()
in APPPATH\Controllers\Service.php on line 27.
 1 SYSTEMPATH\CodeIgniter.php(941): App\Controllers\Service->service()
 2 SYSTEMPATH\CodeIgniter.php(502): CodeIgniter\CodeIgniter->runController()
 3 SYSTEMPATH\CodeIgniter.php(361): CodeIgniter\CodeIgniter->handleRequest()
 4 FCPATH\index.php(79): CodeIgniter\CodeIgniter->run()
CRITICAL - 2024-04-04 17:41:05 --> Error: Class 'App\Views\Project' not found
in APPPATH\Views\ServiceView.php on line 26.
 1 APPPATH\Controllers\Service.php(27): App\Views\ServiceView::CreationForm()
 2 SYSTEMPATH\CodeIgniter.php(941): App\Controllers\Service->service()
 3 SYSTEMPATH\CodeIgniter.php(502): CodeIgniter\CodeIgniter->runController()
 4 SYSTEMPATH\CodeIgniter.php(361): CodeIgniter\CodeIgniter->handleRequest()
 5 FCPATH\index.php(79): CodeIgniter\CodeIgniter->run()
CRITICAL - 2024-04-04 17:42:16 --> Error: Class 'App\Views\Project' not found
in APPPATH\Views\ServiceView.php on line 27.
 1 APPPATH\Controllers\Service.php(27): App\Views\ServiceView::CreationForm()
 2 SYSTEMPATH\CodeIgniter.php(941): App\Controllers\Service->service()
 3 SYSTEMPATH\CodeIgniter.php(502): CodeIgniter\CodeIgniter->runController()
 4 SYSTEMPATH\CodeIgniter.php(361): CodeIgniter\CodeIgniter->handleRequest()
 5 FCPATH\index.php(79): CodeIgniter\CodeIgniter->run()
CRITICAL - 2024-04-04 17:53:53 --> Error: Class 'App\Views\Project' not found
in APPPATH\Views\ServiceView.php on line 28.
 1 APPPATH\Controllers\Service.php(27): App\Views\ServiceView::CreationForm()
 2 SYSTEMPATH\CodeIgniter.php(941): App\Controllers\Service->service()
 3 SYSTEMPATH\CodeIgniter.php(502): CodeIgniter\CodeIgniter->runController()
 4 SYSTEMPATH\CodeIgniter.php(361): CodeIgniter\CodeIgniter->handleRequest()
 5 FCPATH\index.php(79): CodeIgniter\CodeIgniter->run()
CRITICAL - 2024-04-04 18:00:50 --> Error: Access to undeclared static property: App\Models\Entities\Service::$statuses
in APPPATH\Views\ServiceView.php on line 28.
 1 APPPATH\Controllers\Service.php(27): App\Views\ServiceView::CreationForm()
 2 SYSTEMPATH\CodeIgniter.php(941): App\Controllers\Service->service()
 3 SYSTEMPATH\CodeIgniter.php(502): CodeIgniter\CodeIgniter->runController()
 4 SYSTEMPATH\CodeIgniter.php(361): CodeIgniter\CodeIgniter->handleRequest()
 5 FCPATH\index.php(79): CodeIgniter\CodeIgniter->run()
ERROR - 2024-04-04 18:13:31 --> mysqli_sql_exception: Duplicate entry '0' for key 'service.PRIMARY' in C:\Program Files\Ampps\www\codelhomework-php\system\Database\MySQLi\Connection.php:306
Stack trace:
#0 C:\Program Files\Ampps\www\codelhomework-php\system\Database\MySQLi\Connection.php(306): mysqli->query()
#1 C:\Program Files\Ampps\www\codelhomework-php\system\Database\BaseConnection.php(693): CodeIgniter\Database\MySQLi\Connection->execute()
#2 C:\Program Files\Ampps\www\codelhomework-php\system\Database\BaseConnection.php(607): CodeIgniter\Database\BaseConnection->simpleQuery()
#3 C:\Program Files\Ampps\www\codelhomework-php\system\Database\BaseBuilder.php(2307): CodeIgniter\Database\BaseConnection->query()
#4 C:\Program Files\Ampps\www\codelhomework-php\system\Model.php(326): CodeIgniter\Database\BaseBuilder->insert()
#5 C:\Program Files\Ampps\www\codelhomework-php\system\BaseModel.php(802): CodeIgniter\Model->doInsert()
#6 C:\Program Files\Ampps\www\codelhomework-php\system\Model.php(744): CodeIgniter\BaseModel->insert()
#7 C:\Program Files\Ampps\www\codelhomework-php\system\BaseModel.php(713): CodeIgniter\Model->insert()
#8 C:\Program Files\Ampps\www\codelhomework-php\app\Controllers\Service.php(20): CodeIgniter\BaseModel->save()
#9 C:\Program Files\Ampps\www\codelhomework-php\system\CodeIgniter.php(941): App\Controllers\Service->service()
#10 C:\Program Files\Ampps\www\codelhomework-php\system\CodeIgniter.php(502): CodeIgniter\CodeIgniter->runController()
#11 C:\Program Files\Ampps\www\codelhomework-php\system\CodeIgniter.php(361): CodeIgniter\CodeIgniter->handleRequest()
#12 C:\Program Files\Ampps\www\codelhomework-php\public\index.php(79): CodeIgniter\CodeIgniter->run()
#13 {main}
CRITICAL - 2024-04-04 18:13:31 --> CodeIgniter\Database\Exceptions\DatabaseException: Duplicate entry '0' for key 'service.PRIMARY'
in SYSTEMPATH\Database\BaseConnection.php on line 647.
 1 SYSTEMPATH\Database\BaseBuilder.php(2307): CodeIgniter\Database\BaseConnection->query()
 2 SYSTEMPATH\Model.php(326): CodeIgniter\Database\BaseBuilder->insert()
 3 SYSTEMPATH\BaseModel.php(802): CodeIgniter\Model->doInsert()
 4 SYSTEMPATH\Model.php(744): CodeIgniter\BaseModel->insert()
 5 SYSTEMPATH\BaseModel.php(713): CodeIgniter\Model->insert()
 6 APPPATH\Controllers\Service.php(20): CodeIgniter\BaseModel->save()
 7 SYSTEMPATH\CodeIgniter.php(941): App\Controllers\Service->service()
 8 SYSTEMPATH\CodeIgniter.php(502): CodeIgniter\CodeIgniter->runController()
 9 SYSTEMPATH\CodeIgniter.php(361): CodeIgniter\CodeIgniter->handleRequest()
10 FCPATH\index.php(79): CodeIgniter\CodeIgniter->run()
CRITICAL - 2024-04-04 18:13:31 --> [Caused by] CodeIgniter\Database\Exceptions\DatabaseException: Duplicate entry '0' for key 'service.PRIMARY'
in SYSTEMPATH\Database\MySQLi\Connection.php on line 311.
 1 SYSTEMPATH\Database\BaseConnection.php(693): CodeIgniter\Database\MySQLi\Connection->execute()
 2 SYSTEMPATH\Database\BaseConnection.php(607): CodeIgniter\Database\BaseConnection->simpleQuery()
 3 SYSTEMPATH\Database\BaseBuilder.php(2307): CodeIgniter\Database\BaseConnection->query()
 4 SYSTEMPATH\Model.php(326): CodeIgniter\Database\BaseBuilder->insert()
 5 SYSTEMPATH\BaseModel.php(802): CodeIgniter\Model->doInsert()
 6 SYSTEMPATH\Model.php(744): CodeIgniter\BaseModel->insert()
 7 SYSTEMPATH\BaseModel.php(713): CodeIgniter\Model->insert()
 8 APPPATH\Controllers\Service.php(20): CodeIgniter\BaseModel->save()
 9 SYSTEMPATH\CodeIgniter.php(941): App\Controllers\Service->service()
10 SYSTEMPATH\CodeIgniter.php(502): CodeIgniter\CodeIgniter->runController()
11 SYSTEMPATH\CodeIgniter.php(361): CodeIgniter\CodeIgniter->handleRequest()
12 FCPATH\index.php(79): CodeIgniter\CodeIgniter->run()
CRITICAL - 2024-04-04 18:13:31 --> [Caused by] mysqli_sql_exception: Duplicate entry '0' for key 'service.PRIMARY'
in SYSTEMPATH\Database\MySQLi\Connection.php on line 306.
 1 SYSTEMPATH\Database\MySQLi\Connection.php(306): mysqli->query()
 2 SYSTEMPATH\Database\BaseConnection.php(693): CodeIgniter\Database\MySQLi\Connection->execute()
 3 SYSTEMPATH\Database\BaseConnection.php(607): CodeIgniter\Database\BaseConnection->simpleQuery()
 4 SYSTEMPATH\Database\BaseBuilder.php(2307): CodeIgniter\Database\BaseConnection->query()
 5 SYSTEMPATH\Model.php(326): CodeIgniter\Database\BaseBuilder->insert()
 6 SYSTEMPATH\BaseModel.php(802): CodeIgniter\Model->doInsert()
 7 SYSTEMPATH\Model.php(744): CodeIgniter\BaseModel->insert()
 8 SYSTEMPATH\BaseModel.php(713): CodeIgniter\Model->insert()
 9 APPPATH\Controllers\Service.php(20): CodeIgniter\BaseModel->save()
10 SYSTEMPATH\CodeIgniter.php(941): App\Controllers\Service->service()
11 SYSTEMPATH\CodeIgniter.php(502): CodeIgniter\CodeIgniter->runController()
12 SYSTEMPATH\CodeIgniter.php(361): CodeIgniter\CodeIgniter->handleRequest()
13 FCPATH\index.php(79): CodeIgniter\CodeIgniter->run()
ERROR - 2024-04-04 18:13:44 --> mysqli_sql_exception: Duplicate entry '0' for key 'service.PRIMARY' in C:\Program Files\Ampps\www\codelhomework-php\system\Database\MySQLi\Connection.php:306
Stack trace:
#0 C:\Program Files\Ampps\www\codelhomework-php\system\Database\MySQLi\Connection.php(306): mysqli->query()
#1 C:\Program Files\Ampps\www\codelhomework-php\system\Database\BaseConnection.php(693): CodeIgniter\Database\MySQLi\Connection->execute()
#2 C:\Program Files\Ampps\www\codelhomework-php\system\Database\BaseConnection.php(607): CodeIgniter\Database\BaseConnection->simpleQuery()
#3 C:\Program Files\Ampps\www\codelhomework-php\system\Database\BaseBuilder.php(2307): CodeIgniter\Database\BaseConnection->query()
#4 C:\Program Files\Ampps\www\codelhomework-php\system\Model.php(326): CodeIgniter\Database\BaseBuilder->insert()
#5 C:\Program Files\Ampps\www\codelhomework-php\system\BaseModel.php(802): CodeIgniter\Model->doInsert()
#6 C:\Program Files\Ampps\www\codelhomework-php\system\Model.php(744): CodeIgniter\BaseModel->insert()
#7 C:\Program Files\Ampps\www\codelhomework-php\system\BaseModel.php(713): CodeIgniter\Model->insert()
#8 C:\Program Files\Ampps\www\codelhomework-php\app\Controllers\Service.php(20): CodeIgniter\BaseModel->save()
#9 C:\Program Files\Ampps\www\codelhomework-php\system\CodeIgniter.php(941): App\Controllers\Service->service()
#10 C:\Program Files\Ampps\www\codelhomework-php\system\CodeIgniter.php(502): CodeIgniter\CodeIgniter->runController()
#11 C:\Program Files\Ampps\www\codelhomework-php\system\CodeIgniter.php(361): CodeIgniter\CodeIgniter->handleRequest()
#12 C:\Program Files\Ampps\www\codelhomework-php\public\index.php(79): CodeIgniter\CodeIgniter->run()
#13 {main}
CRITICAL - 2024-04-04 18:13:44 --> CodeIgniter\Database\Exceptions\DatabaseException: Duplicate entry '0' for key 'service.PRIMARY'
in SYSTEMPATH\Database\BaseConnection.php on line 647.
 1 SYSTEMPATH\Database\BaseBuilder.php(2307): CodeIgniter\Database\BaseConnection->query()
 2 SYSTEMPATH\Model.php(326): CodeIgniter\Database\BaseBuilder->insert()
 3 SYSTEMPATH\BaseModel.php(802): CodeIgniter\Model->doInsert()
 4 SYSTEMPATH\Model.php(744): CodeIgniter\BaseModel->insert()
 5 SYSTEMPATH\BaseModel.php(713): CodeIgniter\Model->insert()
 6 APPPATH\Controllers\Service.php(20): CodeIgniter\BaseModel->save()
 7 SYSTEMPATH\CodeIgniter.php(941): App\Controllers\Service->service()
 8 SYSTEMPATH\CodeIgniter.php(502): CodeIgniter\CodeIgniter->runController()
 9 SYSTEMPATH\CodeIgniter.php(361): CodeIgniter\CodeIgniter->handleRequest()
10 FCPATH\index.php(79): CodeIgniter\CodeIgniter->run()
CRITICAL - 2024-04-04 18:13:44 --> [Caused by] CodeIgniter\Database\Exceptions\DatabaseException: Duplicate entry '0' for key 'service.PRIMARY'
in SYSTEMPATH\Database\MySQLi\Connection.php on line 311.
 1 SYSTEMPATH\Database\BaseConnection.php(693): CodeIgniter\Database\MySQLi\Connection->execute()
 2 SYSTEMPATH\Database\BaseConnection.php(607): CodeIgniter\Database\BaseConnection->simpleQuery()
 3 SYSTEMPATH\Database\BaseBuilder.php(2307): CodeIgniter\Database\BaseConnection->query()
 4 SYSTEMPATH\Model.php(326): CodeIgniter\Database\BaseBuilder->insert()
 5 SYSTEMPATH\BaseModel.php(802): CodeIgniter\Model->doInsert()
 6 SYSTEMPATH\Model.php(744): CodeIgniter\BaseModel->insert()
 7 SYSTEMPATH\BaseModel.php(713): CodeIgniter\Model->insert()
 8 APPPATH\Controllers\Service.php(20): CodeIgniter\BaseModel->save()
 9 SYSTEMPATH\CodeIgniter.php(941): App\Controllers\Service->service()
10 SYSTEMPATH\CodeIgniter.php(502): CodeIgniter\CodeIgniter->runController()
11 SYSTEMPATH\CodeIgniter.php(361): CodeIgniter\CodeIgniter->handleRequest()
12 FCPATH\index.php(79): CodeIgniter\CodeIgniter->run()
CRITICAL - 2024-04-04 18:13:44 --> [Caused by] mysqli_sql_exception: Duplicate entry '0' for key 'service.PRIMARY'
in SYSTEMPATH\Database\MySQLi\Connection.php on line 306.
 1 SYSTEMPATH\Database\MySQLi\Connection.php(306): mysqli->query()
 2 SYSTEMPATH\Database\BaseConnection.php(693): CodeIgniter\Database\MySQLi\Connection->execute()
 3 SYSTEMPATH\Database\BaseConnection.php(607): CodeIgniter\Database\BaseConnection->simpleQuery()
 4 SYSTEMPATH\Database\BaseBuilder.php(2307): CodeIgniter\Database\BaseConnection->query()
 5 SYSTEMPATH\Model.php(326): CodeIgniter\Database\BaseBuilder->insert()
 6 SYSTEMPATH\BaseModel.php(802): CodeIgniter\Model->doInsert()
 7 SYSTEMPATH\Model.php(744): CodeIgniter\BaseModel->insert()
 8 SYSTEMPATH\BaseModel.php(713): CodeIgniter\Model->insert()
 9 APPPATH\Controllers\Service.php(20): CodeIgniter\BaseModel->save()
10 SYSTEMPATH\CodeIgniter.php(941): App\Controllers\Service->service()
11 SYSTEMPATH\CodeIgniter.php(502): CodeIgniter\CodeIgniter->runController()
12 SYSTEMPATH\CodeIgniter.php(361): CodeIgniter\CodeIgniter->handleRequest()
13 FCPATH\index.php(79): CodeIgniter\CodeIgniter->run()
ERROR - 2024-04-04 18:14:26 --> mysqli_sql_exception: Duplicate entry '0' for key 'service.PRIMARY' in C:\Program Files\Ampps\www\codelhomework-php\system\Database\MySQLi\Connection.php:306
Stack trace:
#0 C:\Program Files\Ampps\www\codelhomework-php\system\Database\MySQLi\Connection.php(306): mysqli->query()
#1 C:\Program Files\Ampps\www\codelhomework-php\system\Database\BaseConnection.php(693): CodeIgniter\Database\MySQLi\Connection->execute()
#2 C:\Program Files\Ampps\www\codelhomework-php\system\Database\BaseConnection.php(607): CodeIgniter\Database\BaseConnection->simpleQuery()
#3 C:\Program Files\Ampps\www\codelhomework-php\system\Database\BaseBuilder.php(2307): CodeIgniter\Database\BaseConnection->query()
#4 C:\Program Files\Ampps\www\codelhomework-php\system\Model.php(326): CodeIgniter\Database\BaseBuilder->insert()
#5 C:\Program Files\Ampps\www\codelhomework-php\system\BaseModel.php(802): CodeIgniter\Model->doInsert()
#6 C:\Program Files\Ampps\www\codelhomework-php\system\Model.php(744): CodeIgniter\BaseModel->insert()
#7 C:\Program Files\Ampps\www\codelhomework-php\system\BaseModel.php(713): CodeIgniter\Model->insert()
#8 C:\Program Files\Ampps\www\codelhomework-php\app\Controllers\Service.php(20): CodeIgniter\BaseModel->save()
#9 C:\Program Files\Ampps\www\codelhomework-php\system\CodeIgniter.php(941): App\Controllers\Service->service()
#10 C:\Program Files\Ampps\www\codelhomework-php\system\CodeIgniter.php(502): CodeIgniter\CodeIgniter->runController()
#11 C:\Program Files\Ampps\www\codelhomework-php\system\CodeIgniter.php(361): CodeIgniter\CodeIgniter->handleRequest()
#12 C:\Program Files\Ampps\www\codelhomework-php\public\index.php(79): CodeIgniter\CodeIgniter->run()
#13 {main}
CRITICAL - 2024-04-04 18:14:26 --> CodeIgniter\Database\Exceptions\DatabaseException: Duplicate entry '0' for key 'service.PRIMARY'
in SYSTEMPATH\Database\BaseConnection.php on line 647.
 1 SYSTEMPATH\Database\BaseBuilder.php(2307): CodeIgniter\Database\BaseConnection->query()
 2 SYSTEMPATH\Model.php(326): CodeIgniter\Database\BaseBuilder->insert()
 3 SYSTEMPATH\BaseModel.php(802): CodeIgniter\Model->doInsert()
 4 SYSTEMPATH\Model.php(744): CodeIgniter\BaseModel->insert()
 5 SYSTEMPATH\BaseModel.php(713): CodeIgniter\Model->insert()
 6 APPPATH\Controllers\Service.php(20): CodeIgniter\BaseModel->save()
 7 SYSTEMPATH\CodeIgniter.php(941): App\Controllers\Service->service()
 8 SYSTEMPATH\CodeIgniter.php(502): CodeIgniter\CodeIgniter->runController()
 9 SYSTEMPATH\CodeIgniter.php(361): CodeIgniter\CodeIgniter->handleRequest()
10 FCPATH\index.php(79): CodeIgniter\CodeIgniter->run()
CRITICAL - 2024-04-04 18:14:26 --> [Caused by] CodeIgniter\Database\Exceptions\DatabaseException: Duplicate entry '0' for key 'service.PRIMARY'
in SYSTEMPATH\Database\MySQLi\Connection.php on line 311.
 1 SYSTEMPATH\Database\BaseConnection.php(693): CodeIgniter\Database\MySQLi\Connection->execute()
 2 SYSTEMPATH\Database\BaseConnection.php(607): CodeIgniter\Database\BaseConnection->simpleQuery()
 3 SYSTEMPATH\Database\BaseBuilder.php(2307): CodeIgniter\Database\BaseConnection->query()
 4 SYSTEMPATH\Model.php(326): CodeIgniter\Database\BaseBuilder->insert()
 5 SYSTEMPATH\BaseModel.php(802): CodeIgniter\Model->doInsert()
 6 SYSTEMPATH\Model.php(744): CodeIgniter\BaseModel->insert()
 7 SYSTEMPATH\BaseModel.php(713): CodeIgniter\Model->insert()
 8 APPPATH\Controllers\Service.php(20): CodeIgniter\BaseModel->save()
 9 SYSTEMPATH\CodeIgniter.php(941): App\Controllers\Service->service()
10 SYSTEMPATH\CodeIgniter.php(502): CodeIgniter\CodeIgniter->runController()
11 SYSTEMPATH\CodeIgniter.php(361): CodeIgniter\CodeIgniter->handleRequest()
12 FCPATH\index.php(79): CodeIgniter\CodeIgniter->run()
CRITICAL - 2024-04-04 18:14:26 --> [Caused by] mysqli_sql_exception: Duplicate entry '0' for key 'service.PRIMARY'
in SYSTEMPATH\Database\MySQLi\Connection.php on line 306.
 1 SYSTEMPATH\Database\MySQLi\Connection.php(306): mysqli->query()
 2 SYSTEMPATH\Database\BaseConnection.php(693): CodeIgniter\Database\MySQLi\Connection->execute()
 3 SYSTEMPATH\Database\BaseConnection.php(607): CodeIgniter\Database\BaseConnection->simpleQuery()
 4 SYSTEMPATH\Database\BaseBuilder.php(2307): CodeIgniter\Database\BaseConnection->query()
 5 SYSTEMPATH\Model.php(326): CodeIgniter\Database\BaseBuilder->insert()
 6 SYSTEMPATH\BaseModel.php(802): CodeIgniter\Model->doInsert()
 7 SYSTEMPATH\Model.php(744): CodeIgniter\BaseModel->insert()
 8 SYSTEMPATH\BaseModel.php(713): CodeIgniter\Model->insert()
 9 APPPATH\Controllers\Service.php(20): CodeIgniter\BaseModel->save()
10 SYSTEMPATH\CodeIgniter.php(941): App\Controllers\Service->service()
11 SYSTEMPATH\CodeIgniter.php(502): CodeIgniter\CodeIgniter->runController()
12 SYSTEMPATH\CodeIgniter.php(361): CodeIgniter\CodeIgniter->handleRequest()
13 FCPATH\index.php(79): CodeIgniter\CodeIgniter->run()
ERROR - 2024-04-04 18:14:48 --> mysqli_sql_exception: Duplicate entry '0' for key 'service.PRIMARY' in C:\Program Files\Ampps\www\codelhomework-php\system\Database\MySQLi\Connection.php:306
Stack trace:
#0 C:\Program Files\Ampps\www\codelhomework-php\system\Database\MySQLi\Connection.php(306): mysqli->query()
#1 C:\Program Files\Ampps\www\codelhomework-php\system\Database\BaseConnection.php(693): CodeIgniter\Database\MySQLi\Connection->execute()
#2 C:\Program Files\Ampps\www\codelhomework-php\system\Database\BaseConnection.php(607): CodeIgniter\Database\BaseConnection->simpleQuery()
#3 C:\Program Files\Ampps\www\codelhomework-php\system\Database\BaseBuilder.php(2307): CodeIgniter\Database\BaseConnection->query()
#4 C:\Program Files\Ampps\www\codelhomework-php\system\Model.php(326): CodeIgniter\Database\BaseBuilder->insert()
#5 C:\Program Files\Ampps\www\codelhomework-php\system\BaseModel.php(802): CodeIgniter\Model->doInsert()
#6 C:\Program Files\Ampps\www\codelhomework-php\system\Model.php(744): CodeIgniter\BaseModel->insert()
#7 C:\Program Files\Ampps\www\codelhomework-php\system\BaseModel.php(713): CodeIgniter\Model->insert()
#8 C:\Program Files\Ampps\www\codelhomework-php\app\Controllers\Service.php(20): CodeIgniter\BaseModel->save()
#9 C:\Program Files\Ampps\www\codelhomework-php\system\CodeIgniter.php(941): App\Controllers\Service->service()
#10 C:\Program Files\Ampps\www\codelhomework-php\system\CodeIgniter.php(502): CodeIgniter\CodeIgniter->runController()
#11 C:\Program Files\Ampps\www\codelhomework-php\system\CodeIgniter.php(361): CodeIgniter\CodeIgniter->handleRequest()
#12 C:\Program Files\Ampps\www\codelhomework-php\public\index.php(79): CodeIgniter\CodeIgniter->run()
#13 {main}
CRITICAL - 2024-04-04 18:14:48 --> CodeIgniter\Database\Exceptions\DatabaseException: Duplicate entry '0' for key 'service.PRIMARY'
in SYSTEMPATH\Database\BaseConnection.php on line 647.
 1 SYSTEMPATH\Database\BaseBuilder.php(2307): CodeIgniter\Database\BaseConnection->query()
 2 SYSTEMPATH\Model.php(326): CodeIgniter\Database\BaseBuilder->insert()
 3 SYSTEMPATH\BaseModel.php(802): CodeIgniter\Model->doInsert()
 4 SYSTEMPATH\Model.php(744): CodeIgniter\BaseModel->insert()
 5 SYSTEMPATH\BaseModel.php(713): CodeIgniter\Model->insert()
 6 APPPATH\Controllers\Service.php(20): CodeIgniter\BaseModel->save()
 7 SYSTEMPATH\CodeIgniter.php(941): App\Controllers\Service->service()
 8 SYSTEMPATH\CodeIgniter.php(502): CodeIgniter\CodeIgniter->runController()
 9 SYSTEMPATH\CodeIgniter.php(361): CodeIgniter\CodeIgniter->handleRequest()
10 FCPATH\index.php(79): CodeIgniter\CodeIgniter->run()
CRITICAL - 2024-04-04 18:14:48 --> [Caused by] CodeIgniter\Database\Exceptions\DatabaseException: Duplicate entry '0' for key 'service.PRIMARY'
in SYSTEMPATH\Database\MySQLi\Connection.php on line 311.
 1 SYSTEMPATH\Database\BaseConnection.php(693): CodeIgniter\Database\MySQLi\Connection->execute()
 2 SYSTEMPATH\Database\BaseConnection.php(607): CodeIgniter\Database\BaseConnection->simpleQuery()
 3 SYSTEMPATH\Database\BaseBuilder.php(2307): CodeIgniter\Database\BaseConnection->query()
 4 SYSTEMPATH\Model.php(326): CodeIgniter\Database\BaseBuilder->insert()
 5 SYSTEMPATH\BaseModel.php(802): CodeIgniter\Model->doInsert()
 6 SYSTEMPATH\Model.php(744): CodeIgniter\BaseModel->insert()
 7 SYSTEMPATH\BaseModel.php(713): CodeIgniter\Model->insert()
 8 APPPATH\Controllers\Service.php(20): CodeIgniter\BaseModel->save()
 9 SYSTEMPATH\CodeIgniter.php(941): App\Controllers\Service->service()
10 SYSTEMPATH\CodeIgniter.php(502): CodeIgniter\CodeIgniter->runController()
11 SYSTEMPATH\CodeIgniter.php(361): CodeIgniter\CodeIgniter->handleRequest()
12 FCPATH\index.php(79): CodeIgniter\CodeIgniter->run()
CRITICAL - 2024-04-04 18:14:48 --> [Caused by] mysqli_sql_exception: Duplicate entry '0' for key 'service.PRIMARY'
in SYSTEMPATH\Database\MySQLi\Connection.php on line 306.
 1 SYSTEMPATH\Database\MySQLi\Connection.php(306): mysqli->query()
 2 SYSTEMPATH\Database\BaseConnection.php(693): CodeIgniter\Database\MySQLi\Connection->execute()
 3 SYSTEMPATH\Database\BaseConnection.php(607): CodeIgniter\Database\BaseConnection->simpleQuery()
 4 SYSTEMPATH\Database\BaseBuilder.php(2307): CodeIgniter\Database\BaseConnection->query()
 5 SYSTEMPATH\Model.php(326): CodeIgniter\Database\BaseBuilder->insert()
 6 SYSTEMPATH\BaseModel.php(802): CodeIgniter\Model->doInsert()
 7 SYSTEMPATH\Model.php(744): CodeIgniter\BaseModel->insert()
 8 SYSTEMPATH\BaseModel.php(713): CodeIgniter\Model->insert()
 9 APPPATH\Controllers\Service.php(20): CodeIgniter\BaseModel->save()
10 SYSTEMPATH\CodeIgniter.php(941): App\Controllers\Service->service()
11 SYSTEMPATH\CodeIgniter.php(502): CodeIgniter\CodeIgniter->runController()
12 SYSTEMPATH\CodeIgniter.php(361): CodeIgniter\CodeIgniter->handleRequest()
13 FCPATH\index.php(79): CodeIgniter\CodeIgniter->run()
CRITICAL - 2024-04-04 18:30:31 --> ParseError: syntax error, unexpected '$errors' (T_VARIABLE), expecting function (T_FUNCTION) or const (T_CONST)
in APPPATH\Models\ServiceModel.php on line 11.
 1 SYSTEMPATH\Autoloader\Autoloader.php(290): CodeIgniter\Autoloader\Autoloader->includeFile()
 2 SYSTEMPATH\Autoloader\Autoloader.php(266): CodeIgniter\Autoloader\Autoloader->loadInNamespace()
 3 [internal function]: CodeIgniter\Autoloader\Autoloader->loadClass()
 4 [internal function]: spl_autoload_call()
 5 SYSTEMPATH\Config\Factories.php(280): class_exists()
 6 SYSTEMPATH\Config\Factories.php(199): CodeIgniter\Config\Factories::locateClass()
 7 SYSTEMPATH\Config\Factories.php(158): CodeIgniter\Config\Factories::getDefinedInstance()
 8 SYSTEMPATH\Common.php(813): CodeIgniter\Config\Factories::__callStatic()
 9 APPPATH\Controllers\Service.php(19): model()
10 SYSTEMPATH\CodeIgniter.php(941): App\Controllers\Service->service()
11 SYSTEMPATH\CodeIgniter.php(502): CodeIgniter\CodeIgniter->runController()
12 SYSTEMPATH\CodeIgniter.php(361): CodeIgniter\CodeIgniter->handleRequest()
13 FCPATH\index.php(79): CodeIgniter\CodeIgniter->run()
CRITICAL - 2024-04-04 18:32:15 --> BadMethodCallException: Call to undefined method App\Models\ServiceModel::getErrorsAsText
in SYSTEMPATH\Model.php on line 874.
 1 APPPATH\Controllers\Service.php(24): CodeIgniter\Model->__call()
 2 SYSTEMPATH\CodeIgniter.php(941): App\Controllers\Service->service()
 3 SYSTEMPATH\CodeIgniter.php(502): CodeIgniter\CodeIgniter->runController()
 4 SYSTEMPATH\CodeIgniter.php(361): CodeIgniter\CodeIgniter->handleRequest()
 5 FCPATH\index.php(79): CodeIgniter\CodeIgniter->run()
CRITICAL - 2024-04-04 18:49:33 --> ErrorException: Array to string conversion
in APPPATH\Views\IndexView.php on line 24.
 1 APPPATH\Views\IndexView.php(24): CodeIgniter\Debug\Exceptions->errorHandler()
 2 APPPATH\Views\ServiceView.php(22): App\Views\IndexView::ErrorMessage()
 3 APPPATH\Controllers\Service.php(27): App\Views\ServiceView::CreationForm()
 4 SYSTEMPATH\CodeIgniter.php(941): App\Controllers\Service->service()
 5 SYSTEMPATH\CodeIgniter.php(502): CodeIgniter\CodeIgniter->runController()
 6 SYSTEMPATH\CodeIgniter.php(361): CodeIgniter\CodeIgniter->handleRequest()
 7 FCPATH\index.php(79): CodeIgniter\CodeIgniter->run()
CRITICAL - 2024-04-04 18:50:29 --> ErrorException: Array to string conversion
in APPPATH\Views\IndexView.php on line 24.
 1 APPPATH\Views\IndexView.php(24): CodeIgniter\Debug\Exceptions->errorHandler()
 2 APPPATH\Views\ServiceView.php(22): App\Views\IndexView::ErrorMessage()
 3 APPPATH\Controllers\Service.php(27): App\Views\ServiceView::CreationForm()
 4 SYSTEMPATH\CodeIgniter.php(941): App\Controllers\Service->service()
 5 SYSTEMPATH\CodeIgniter.php(502): CodeIgniter\CodeIgniter->runController()
 6 SYSTEMPATH\CodeIgniter.php(361): CodeIgniter\CodeIgniter->handleRequest()
 7 FCPATH\index.php(79): CodeIgniter\CodeIgniter->run()
CRITICAL - 2024-04-04 18:52:21 --> CodeIgniter\View\Exceptions\ViewException: Invalid file: "templates/table.php"
in SYSTEMPATH\Exceptions\FrameworkException.php on line 39.
 1 SYSTEMPATH\View\View.php(216): CodeIgniter\Exceptions\FrameworkException::forInvalidFile()
 2 SYSTEMPATH\Common.php(1178): CodeIgniter\View\View->render()
 3 APPPATH\Views\ProductsView.php(13): view()
 4 APPPATH\Controllers\Products.php(18): App\Views\ProductsView::Table()
 5 SYSTEMPATH\CodeIgniter.php(941): App\Controllers\Products->products()
 6 SYSTEMPATH\CodeIgniter.php(502): CodeIgniter\CodeIgniter->runController()
 7 SYSTEMPATH\CodeIgniter.php(361): CodeIgniter\CodeIgniter->handleRequest()
 8 FCPATH\index.php(79): CodeIgniter\CodeIgniter->run()
