CRITICAL - 2024-04-13 14:09:10 --> ErrorException: Array to string conversion
in APPPATH\Views\IndexView.php on line 24.
 1 APPPATH\Views\IndexView.php(24): CodeIgniter\Debug\Exceptions->errorHandler()
 2 APPPATH\Views\ServiceView.php(22): App\Views\IndexView::ErrorMessage()
 3 APPPATH\Controllers\Service.php(27): App\Views\ServiceView::CreationForm()
 4 SYSTEMPATH\CodeIgniter.php(941): App\Controllers\Service->service()
 5 SYSTEMPATH\CodeIgniter.php(502): CodeIgniter\CodeIgniter->runController()
 6 SYSTEMPATH\CodeIgniter.php(361): CodeIgniter\CodeIgniter->handleRequest()
 7 FCPATH\index.php(79): CodeIgniter\CodeIgniter->run()
CRITICAL - 2024-04-13 14:11:30 --> ErrorException: explode() expects at least 2 parameters, 1 given
in APPPATH\Models\ServiceModel.php on line 36.
 1 [internal function]: CodeIgniter\Debug\Exceptions->errorHandler()
 2 APPPATH\Models\ServiceModel.php(36): explode()
 3 APPPATH\Controllers\Service.php(24): App\Models\ServiceModel->getErrorsAsText()
 4 SYSTEMPATH\CodeIgniter.php(941): App\Controllers\Service->service()
 5 SYSTEMPATH\CodeIgniter.php(502): CodeIgniter\CodeIgniter->runController()
 6 SYSTEMPATH\CodeIgniter.php(361): CodeIgniter\CodeIgniter->handleRequest()
 7 FCPATH\index.php(79): CodeIgniter\CodeIgniter->run()
CRITICAL - 2024-04-13 14:17:25 --> ParseError: syntax error, unexpected ''<br>'' (T_CONSTANT_ENCAPSED_STRING), expecting ']'
in APPPATH\Models\ServiceModel.php on line 14.
 1 SYSTEMPATH\Autoloader\Autoloader.php(290): CodeIgniter\Autoloader\Autoloader->includeFile()
 2 SYSTEMPATH\Autoloader\Autoloader.php(266): CodeIgniter\Autoloader\Autoloader->loadInNamespace()
 3 [internal function]: CodeIgniter\Autoloader\Autoloader->loadClass()
 4 [internal function]: spl_autoload_call()
 5 SYSTEMPATH\Config\Factories.php(280): class_exists()
 6 SYSTEMPATH\Config\Factories.php(199): CodeIgniter\Config\Factories::locateClass()
 7 SYSTEMPATH\Config\Factories.php(158): CodeIgniter\Config\Factories::getDefinedInstance()
 8 SYSTEMPATH\Common.php(813): CodeIgniter\Config\Factories::__callStatic()
 9 APPPATH\Controllers\Service.php(19): model()
10 SYSTEMPATH\CodeIgniter.php(941): App\Controllers\Service->service()
11 SYSTEMPATH\CodeIgniter.php(502): CodeIgniter\CodeIgniter->runController()
12 SYSTEMPATH\CodeIgniter.php(361): CodeIgniter\CodeIgniter->handleRequest()
13 FCPATH\index.php(79): CodeIgniter\CodeIgniter->run()
CRITICAL - 2024-04-13 14:26:13 --> ParseError: syntax error, unexpected '?'
in APPPATH\Views\IndexView.php on line 25.
 1 SYSTEMPATH\Autoloader\Autoloader.php(290): CodeIgniter\Autoloader\Autoloader->includeFile()
 2 SYSTEMPATH\Autoloader\Autoloader.php(266): CodeIgniter\Autoloader\Autoloader->loadInNamespace()
 3 [internal function]: CodeIgniter\Autoloader\Autoloader->loadClass()
 4 APPPATH\Controllers\Service.php(12): spl_autoload_call()
 5 SYSTEMPATH\CodeIgniter.php(941): App\Controllers\Service->service()
 6 SYSTEMPATH\CodeIgniter.php(502): CodeIgniter\CodeIgniter->runController()
 7 SYSTEMPATH\CodeIgniter.php(361): CodeIgniter\CodeIgniter->handleRequest()
 8 FCPATH\index.php(79): CodeIgniter\CodeIgniter->run()
CRITICAL - 2024-04-13 14:29:29 --> ParseError: syntax error, unexpected end of file
in APPPATH\Models\ServiceModel.php on line 50.
 1 SYSTEMPATH\Autoloader\Autoloader.php(290): CodeIgniter\Autoloader\Autoloader->includeFile()
 2 SYSTEMPATH\Autoloader\Autoloader.php(266): CodeIgniter\Autoloader\Autoloader->loadInNamespace()
 3 [internal function]: CodeIgniter\Autoloader\Autoloader->loadClass()
 4 [internal function]: spl_autoload_call()
 5 SYSTEMPATH\Config\Factories.php(280): class_exists()
 6 SYSTEMPATH\Config\Factories.php(199): CodeIgniter\Config\Factories::locateClass()
 7 SYSTEMPATH\Config\Factories.php(158): CodeIgniter\Config\Factories::getDefinedInstance()
 8 SYSTEMPATH\Common.php(813): CodeIgniter\Config\Factories::__callStatic()
 9 APPPATH\Controllers\Service.php(19): model()
10 SYSTEMPATH\CodeIgniter.php(941): App\Controllers\Service->service()
11 SYSTEMPATH\CodeIgniter.php(502): CodeIgniter\CodeIgniter->runController()
12 SYSTEMPATH\CodeIgniter.php(361): CodeIgniter\CodeIgniter->handleRequest()
13 FCPATH\index.php(79): CodeIgniter\CodeIgniter->run()
CRITICAL - 2024-04-13 14:38:19 --> ParseError: syntax error, unexpected '$errors' (T_VARIABLE), expecting ')'
in APPPATH\Models\ServiceModel.php on line 37.
 1 SYSTEMPATH\Autoloader\Autoloader.php(290): CodeIgniter\Autoloader\Autoloader->includeFile()
 2 SYSTEMPATH\Autoloader\Autoloader.php(266): CodeIgniter\Autoloader\Autoloader->loadInNamespace()
 3 [internal function]: CodeIgniter\Autoloader\Autoloader->loadClass()
 4 [internal function]: spl_autoload_call()
 5 SYSTEMPATH\Config\Factories.php(280): class_exists()
 6 SYSTEMPATH\Config\Factories.php(199): CodeIgniter\Config\Factories::locateClass()
 7 SYSTEMPATH\Config\Factories.php(158): CodeIgniter\Config\Factories::getDefinedInstance()
 8 SYSTEMPATH\Common.php(813): CodeIgniter\Config\Factories::__callStatic()
 9 APPPATH\Controllers\Service.php(19): model()
10 SYSTEMPATH\CodeIgniter.php(941): App\Controllers\Service->service()
11 SYSTEMPATH\CodeIgniter.php(502): CodeIgniter\CodeIgniter->runController()
12 SYSTEMPATH\CodeIgniter.php(361): CodeIgniter\CodeIgniter->handleRequest()
13 FCPATH\index.php(79): CodeIgniter\CodeIgniter->run()
