CRITICAL - 2024-04-08 15:02:55 --> ErrorException: Trying to get property 'title' of non-object
in APPPATH\Views\template\table.php on line 16.
 1 APPPATH\Views\template\table.php(16): CodeIgniter\Debug\Exceptions->errorHandler()
 2 SYSTEMPATH\View\View.php(228): include('C:\\Program Files\\Ampps\\www\\codelhomework-php\\app\\Views\\template\\table.php')
 3 SYSTEMPATH\View\View.php(231): CodeIgniter\View\View->CodeIgniter\View\{closure}()
 4 SYSTEMPATH\Common.php(1178): CodeIgniter\View\View->render()
 5 APPPATH\Views\ProductsView.php(14): view()
 6 APPPATH\Controllers\Products.php(19): App\Views\ProductsView::Table()
 7 SYSTEMPATH\CodeIgniter.php(941): App\Controllers\Products->products()
 8 SYSTEMPATH\CodeIgniter.php(502): CodeIgniter\CodeIgniter->runController()
 9 SYSTEMPATH\CodeIgniter.php(361): CodeIgniter\CodeIgniter->handleRequest()
10 FCPATH\index.php(79): CodeIgniter\CodeIgniter->run()
CRITICAL - 2024-04-08 15:05:48 --> ErrorException: Trying to get property 'title' of non-object
in APPPATH\Views\template\table.php on line 16.
 1 APPPATH\Views\template\table.php(16): CodeIgniter\Debug\Exceptions->errorHandler()
 2 SYSTEMPATH\View\View.php(228): include('C:\\Program Files\\Ampps\\www\\codelhomework-php\\app\\Views\\template\\table.php')
 3 SYSTEMPATH\View\View.php(231): CodeIgniter\View\View->CodeIgniter\View\{closure}()
 4 SYSTEMPATH\Common.php(1178): CodeIgniter\View\View->render()
 5 APPPATH\Views\ProductsView.php(14): view()
 6 APPPATH\Controllers\Products.php(20): App\Views\ProductsView::Table()
 7 SYSTEMPATH\CodeIgniter.php(941): App\Controllers\Products->products()
 8 SYSTEMPATH\CodeIgniter.php(502): CodeIgniter\CodeIgniter->runController()
 9 SYSTEMPATH\CodeIgniter.php(361): CodeIgniter\CodeIgniter->handleRequest()
10 FCPATH\index.php(79): CodeIgniter\CodeIgniter->run()
