INFO - 2024-05-01 08:21:40 --> Session: Class initialized using 'CodeIgniter\Session\Handlers\FileHandler' driver.
INFO - 2024-05-01 08:21:40 --> Session: Class initialized using 'CodeIgniter\Session\Handlers\FileHandler' driver.
INFO - 2024-05-01 08:33:30 --> Session: Class initialized using 'CodeIgniter\Session\Handlers\FileHandler' driver.
CRITICAL - 2024-05-01 08:33:30 --> ParseError: syntax error, unexpected ',', expecting ';'
in APPPATH\Models\Entities\Service.php on line 15.
 1 SYSTEMPATH\Autoloader\Autoloader.php(290): CodeIgniter\Autoloader\Autoloader->includeFile()
 2 SYSTEMPATH\Autoloader\Autoloader.php(266): CodeIgniter\Autoloader\Autoloader->loadInNamespace()
 3 [internal function]: CodeIgniter\Autoloader\Autoloader->loadClass()
 4 APPPATH\Views\ServiceView.php(29): spl_autoload_call()
 5 APPPATH\Controllers\ServiceEdit.php(26): App\Views\ServiceView::CreationForm()
 6 SYSTEMPATH\CodeIgniter.php(941): App\Controllers\ServiceEdit->serviceedit()
 7 SYSTEMPATH\CodeIgniter.php(502): CodeIgniter\CodeIgniter->runController()
 8 SYSTEMPATH\CodeIgniter.php(361): CodeIgniter\CodeIgniter->handleRequest()
 9 FCPATH\index.php(79): CodeIgniter\CodeIgniter->run()
INFO - 2024-05-01 08:33:38 --> Session: Class initialized using 'CodeIgniter\Session\Handlers\FileHandler' driver.
INFO - 2024-05-01 08:33:53 --> Session: Class initialized using 'CodeIgniter\Session\Handlers\FileHandler' driver.
CRITICAL - 2024-05-01 08:33:53 --> ParseError: syntax error, unexpected ',', expecting ';'
in APPPATH\Models\Entities\Service.php on line 15.
 1 SYSTEMPATH\Autoloader\Autoloader.php(290): CodeIgniter\Autoloader\Autoloader->includeFile()
 2 SYSTEMPATH\Autoloader\Autoloader.php(266): CodeIgniter\Autoloader\Autoloader->loadInNamespace()
 3 [internal function]: CodeIgniter\Autoloader\Autoloader->loadClass()
 4 APPPATH\Views\ServiceView.php(29): spl_autoload_call()
 5 APPPATH\Controllers\ServiceEdit.php(26): App\Views\ServiceView::CreationForm()
 6 SYSTEMPATH\CodeIgniter.php(941): App\Controllers\ServiceEdit->serviceedit()
 7 SYSTEMPATH\CodeIgniter.php(502): CodeIgniter\CodeIgniter->runController()
 8 SYSTEMPATH\CodeIgniter.php(361): CodeIgniter\CodeIgniter->handleRequest()
 9 FCPATH\index.php(79): CodeIgniter\CodeIgniter->run()
INFO - 2024-05-01 08:34:01 --> Session: Class initialized using 'CodeIgniter\Session\Handlers\FileHandler' driver.
CRITICAL - 2024-05-01 09:11:53 --> Error: Call to undefined function App\Views\form_open()
in APPPATH\Views\ProductsViewAdmin.php on line 16.
 1 APPPATH\Controllers\ProductsEdit.php(20): App\Views\ProductsViewAdmin::Table()
 2 SYSTEMPATH\CodeIgniter.php(941): App\Controllers\ProductsEdit->productsedit()
 3 SYSTEMPATH\CodeIgniter.php(502): CodeIgniter\CodeIgniter->runController()
 4 SYSTEMPATH\CodeIgniter.php(361): CodeIgniter\CodeIgniter->handleRequest()
 5 FCPATH\index.php(79): CodeIgniter\CodeIgniter->run()
CRITICAL - 2024-05-01 09:12:15 --> Error: Call to undefined function App\Views\form_open()
in APPPATH\Views\ProductsViewAdmin.php on line 16.
 1 APPPATH\Controllers\ProductsEdit.php(20): App\Views\ProductsViewAdmin::Table()
 2 SYSTEMPATH\CodeIgniter.php(941): App\Controllers\ProductsEdit->productsedit()
 3 SYSTEMPATH\CodeIgniter.php(502): CodeIgniter\CodeIgniter->runController()
 4 SYSTEMPATH\CodeIgniter.php(361): CodeIgniter\CodeIgniter->handleRequest()
 5 FCPATH\index.php(79): CodeIgniter\CodeIgniter->run()
CRITICAL - 2024-05-01 09:15:16 --> Error: Call to undefined function App\Views\form_open()
in APPPATH\Views\ProductsViewAdmin.php on line 16.
 1 APPPATH\Controllers\ProductsEdit.php(20): App\Views\ProductsViewAdmin::Table()
 2 SYSTEMPATH\CodeIgniter.php(941): App\Controllers\ProductsEdit->productsedit()
 3 SYSTEMPATH\CodeIgniter.php(502): CodeIgniter\CodeIgniter->runController()
 4 SYSTEMPATH\CodeIgniter.php(361): CodeIgniter\CodeIgniter->handleRequest()
 5 FCPATH\index.php(79): CodeIgniter\CodeIgniter->run()
CRITICAL - 2024-05-01 09:15:17 --> Error: Call to undefined function App\Views\form_open()
in APPPATH\Views\ProductsViewAdmin.php on line 16.
 1 APPPATH\Controllers\ProductsEdit.php(20): App\Views\ProductsViewAdmin::Table()
 2 SYSTEMPATH\CodeIgniter.php(941): App\Controllers\ProductsEdit->productsedit()
 3 SYSTEMPATH\CodeIgniter.php(502): CodeIgniter\CodeIgniter->runController()
 4 SYSTEMPATH\CodeIgniter.php(361): CodeIgniter\CodeIgniter->handleRequest()
 5 FCPATH\index.php(79): CodeIgniter\CodeIgniter->run()
CRITICAL - 2024-05-01 09:20:37 --> Error: Call to undefined method App\Views\ProductsViewAdmin::Table()
in APPPATH\Controllers\ProductsEdit.php on line 20.
 1 SYSTEMPATH\CodeIgniter.php(941): App\Controllers\ProductsEdit->productsedit()
 2 SYSTEMPATH\CodeIgniter.php(502): CodeIgniter\CodeIgniter->runController()
 3 SYSTEMPATH\CodeIgniter.php(361): CodeIgniter\CodeIgniter->handleRequest()
 4 FCPATH\index.php(79): CodeIgniter\CodeIgniter->run()
CRITICAL - 2024-05-01 09:22:59 --> ErrorException: Undefined variable: html
in APPPATH\Views\ProductsViewAdmin.php on line 15.
 1 APPPATH\Views\ProductsViewAdmin.php(15): CodeIgniter\Debug\Exceptions->errorHandler()
 2 APPPATH\Controllers\ProductsEdit.php(20): App\Views\ProductsViewAdmin::Table()
 3 SYSTEMPATH\CodeIgniter.php(941): App\Controllers\ProductsEdit->productsedit()
 4 SYSTEMPATH\CodeIgniter.php(502): CodeIgniter\CodeIgniter->runController()
 5 SYSTEMPATH\CodeIgniter.php(361): CodeIgniter\CodeIgniter->handleRequest()
 6 FCPATH\index.php(79): CodeIgniter\CodeIgniter->run()
CRITICAL - 2024-05-01 09:23:18 --> ErrorException: Undefined variable: html
in APPPATH\Views\ProductsViewAdmin.php on line 15.
 1 APPPATH\Views\ProductsViewAdmin.php(15): CodeIgniter\Debug\Exceptions->errorHandler()
 2 APPPATH\Controllers\ProductsEdit.php(20): App\Views\ProductsViewAdmin::Table()
 3 SYSTEMPATH\CodeIgniter.php(941): App\Controllers\ProductsEdit->productsedit()
 4 SYSTEMPATH\CodeIgniter.php(502): CodeIgniter\CodeIgniter->runController()
 5 SYSTEMPATH\CodeIgniter.php(361): CodeIgniter\CodeIgniter->handleRequest()
 6 FCPATH\index.php(79): CodeIgniter\CodeIgniter->run()
CRITICAL - 2024-05-01 09:23:32 --> ErrorException: Undefined variable: html
in APPPATH\Views\ProductsViewAdmin.php on line 15.
 1 APPPATH\Views\ProductsViewAdmin.php(15): CodeIgniter\Debug\Exceptions->errorHandler()
 2 APPPATH\Controllers\ProductsEdit.php(20): App\Views\ProductsViewAdmin::Table()
 3 SYSTEMPATH\CodeIgniter.php(941): App\Controllers\ProductsEdit->productsedit()
 4 SYSTEMPATH\CodeIgniter.php(502): CodeIgniter\CodeIgniter->runController()
 5 SYSTEMPATH\CodeIgniter.php(361): CodeIgniter\CodeIgniter->handleRequest()
 6 FCPATH\index.php(79): CodeIgniter\CodeIgniter->run()
CRITICAL - 2024-05-01 09:25:14 --> Error: Call to undefined function App\Views\form_open()
in APPPATH\Views\ProductsViewAdmin.php on line 17.
 1 APPPATH\Controllers\ProductsEdit.php(20): App\Views\ProductsViewAdmin::Table()
 2 SYSTEMPATH\CodeIgniter.php(941): App\Controllers\ProductsEdit->productsedit()
 3 SYSTEMPATH\CodeIgniter.php(502): CodeIgniter\CodeIgniter->runController()
 4 SYSTEMPATH\CodeIgniter.php(361): CodeIgniter\CodeIgniter->handleRequest()
 5 FCPATH\index.php(79): CodeIgniter\CodeIgniter->run()
CRITICAL - 2024-05-01 09:27:57 --> Error: Call to undefined function App\Views\form_open()
in APPPATH\Views\ProductsViewAdmin.php on line 17.
 1 APPPATH\Controllers\ProductsEdit.php(20): App\Views\ProductsViewAdmin::Table()
 2 SYSTEMPATH\CodeIgniter.php(941): App\Controllers\ProductsEdit->productsedit()
 3 SYSTEMPATH\CodeIgniter.php(502): CodeIgniter\CodeIgniter->runController()
 4 SYSTEMPATH\CodeIgniter.php(361): CodeIgniter\CodeIgniter->handleRequest()
 5 FCPATH\index.php(79): CodeIgniter\CodeIgniter->run()
CRITICAL - 2024-05-01 09:29:59 --> Error: Call to undefined function App\Views\form_open()
in APPPATH\Views\ProductsViewAdmin.php on line 17.
 1 APPPATH\Controllers\ProductsEdit.php(20): App\Views\ProductsViewAdmin::Table()
 2 SYSTEMPATH\CodeIgniter.php(941): App\Controllers\ProductsEdit->productsedit()
 3 SYSTEMPATH\CodeIgniter.php(502): CodeIgniter\CodeIgniter->runController()
 4 SYSTEMPATH\CodeIgniter.php(361): CodeIgniter\CodeIgniter->handleRequest()
 5 FCPATH\index.php(79): CodeIgniter\CodeIgniter->run()
CRITICAL - 2024-05-01 09:31:47 --> ErrorException: Undefined variable: prtable
in APPPATH\Views\ProductsViewAdmin.php on line 16.
 1 APPPATH\Views\ProductsViewAdmin.php(16): CodeIgniter\Debug\Exceptions->errorHandler()
 2 APPPATH\Controllers\ProductsEdit.php(20): App\Views\ProductsViewAdmin::Table()
 3 SYSTEMPATH\CodeIgniter.php(941): App\Controllers\ProductsEdit->productsedit()
 4 SYSTEMPATH\CodeIgniter.php(502): CodeIgniter\CodeIgniter->runController()
 5 SYSTEMPATH\CodeIgniter.php(361): CodeIgniter\CodeIgniter->handleRequest()
 6 FCPATH\index.php(79): CodeIgniter\CodeIgniter->run()
CRITICAL - 2024-05-01 09:36:26 --> ErrorException: Trying to get property 'title' of non-object
in APPPATH\Views\template\table.php on line 16.
 1 APPPATH\Views\template\table.php(16): CodeIgniter\Debug\Exceptions->errorHandler()
 2 SYSTEMPATH\View\View.php(228): include('C:\\Program Files\\Ampps\\www\\codelhomework-php\\app\\Views\\template\\table.php')
 3 SYSTEMPATH\View\View.php(231): CodeIgniter\View\View->CodeIgniter\View\{closure}()
 4 SYSTEMPATH\Common.php(1178): CodeIgniter\View\View->render()
 5 APPPATH\Views\ProductsViewAdmin.php(16): view()
 6 APPPATH\Controllers\ProductsEdit.php(20): App\Views\ProductsViewAdmin::Table()
 7 SYSTEMPATH\CodeIgniter.php(941): App\Controllers\ProductsEdit->productsedit()
 8 SYSTEMPATH\CodeIgniter.php(502): CodeIgniter\CodeIgniter->runController()
 9 SYSTEMPATH\CodeIgniter.php(361): CodeIgniter\CodeIgniter->handleRequest()
10 FCPATH\index.php(79): CodeIgniter\CodeIgniter->run()
CRITICAL - 2024-05-01 09:40:24 --> ParseError: syntax error, unexpected end of file
in APPPATH\Views\template\table.php on line 29.
 1 SYSTEMPATH\View\View.php(231): CodeIgniter\View\View->CodeIgniter\View\{closure}()
 2 SYSTEMPATH\Common.php(1178): CodeIgniter\View\View->render()
 3 APPPATH\Views\ProductsViewAdmin.php(16): view()
 4 APPPATH\Controllers\ProductsEdit.php(20): App\Views\ProductsViewAdmin::Table()
 5 SYSTEMPATH\CodeIgniter.php(941): App\Controllers\ProductsEdit->productsedit()
 6 SYSTEMPATH\CodeIgniter.php(502): CodeIgniter\CodeIgniter->runController()
 7 SYSTEMPATH\CodeIgniter.php(361): CodeIgniter\CodeIgniter->handleRequest()
 8 FCPATH\index.php(79): CodeIgniter\CodeIgniter->run()
CRITICAL - 2024-05-01 09:42:31 --> ErrorException: Trying to get property 'title' of non-object
in APPPATH\Views\template\table.php on line 15.
 1 APPPATH\Views\template\table.php(15): CodeIgniter\Debug\Exceptions->errorHandler()
 2 SYSTEMPATH\View\View.php(228): include('C:\\Program Files\\Ampps\\www\\codelhomework-php\\app\\Views\\template\\table.php')
 3 SYSTEMPATH\View\View.php(231): CodeIgniter\View\View->CodeIgniter\View\{closure}()
 4 SYSTEMPATH\Common.php(1178): CodeIgniter\View\View->render()
 5 APPPATH\Views\ProductsViewAdmin.php(16): view()
 6 APPPATH\Controllers\ProductsEdit.php(20): App\Views\ProductsViewAdmin::Table()
 7 SYSTEMPATH\CodeIgniter.php(941): App\Controllers\ProductsEdit->productsedit()
 8 SYSTEMPATH\CodeIgniter.php(502): CodeIgniter\CodeIgniter->runController()
 9 SYSTEMPATH\CodeIgniter.php(361): CodeIgniter\CodeIgniter->handleRequest()
10 FCPATH\index.php(79): CodeIgniter\CodeIgniter->run()
CRITICAL - 2024-05-01 10:00:15 --> ErrorException: Trying to get property 'id' of non-object
in APPPATH\Views\ProductsViewAdmin.php on line 28.
 1 APPPATH\Views\ProductsViewAdmin.php(28): CodeIgniter\Debug\Exceptions->errorHandler()
 2 APPPATH\Controllers\ProductsEdit.php(20): App\Views\ProductsViewAdmin::Table()
 3 SYSTEMPATH\CodeIgniter.php(941): App\Controllers\ProductsEdit->productsedit()
 4 SYSTEMPATH\CodeIgniter.php(502): CodeIgniter\CodeIgniter->runController()
 5 SYSTEMPATH\CodeIgniter.php(361): CodeIgniter\CodeIgniter->handleRequest()
 6 FCPATH\index.php(79): CodeIgniter\CodeIgniter->run()
CRITICAL - 2024-05-01 10:28:39 --> ErrorException: Undefined variable: productsbeg
in APPPATH\Views\template\prbeg.php on line 3.
 1 APPPATH\Views\template\prbeg.php(3): CodeIgniter\Debug\Exceptions->errorHandler()
 2 SYSTEMPATH\View\View.php(228): include('C:\\Program Files\\Ampps\\www\\codelhomework-php\\app\\Views\\template\\prbeg.php')
 3 SYSTEMPATH\View\View.php(231): CodeIgniter\View\View->CodeIgniter\View\{closure}()
 4 SYSTEMPATH\Common.php(1178): CodeIgniter\View\View->render()
 5 APPPATH\Views\ProductsViewAdmin.php(10): view()
 6 APPPATH\Controllers\ProductsEdit.php(16): App\Views\ProductsViewAdmin::PrBEG()
 7 SYSTEMPATH\CodeIgniter.php(941): App\Controllers\ProductsEdit->productsedit()
 8 SYSTEMPATH\CodeIgniter.php(502): CodeIgniter\CodeIgniter->runController()
 9 SYSTEMPATH\CodeIgniter.php(361): CodeIgniter\CodeIgniter->handleRequest()
10 FCPATH\index.php(79): CodeIgniter\CodeIgniter->run()
CRITICAL - 2024-05-01 10:31:58 --> ErrorException: Undefined variable: productsbeg
in APPPATH\Views\template\prbeg.php on line 3.
 1 APPPATH\Views\template\prbeg.php(3): CodeIgniter\Debug\Exceptions->errorHandler()
 2 SYSTEMPATH\View\View.php(228): include('C:\\Program Files\\Ampps\\www\\codelhomework-php\\app\\Views\\template\\prbeg.php')
 3 SYSTEMPATH\View\View.php(231): CodeIgniter\View\View->CodeIgniter\View\{closure}()
 4 SYSTEMPATH\Common.php(1178): CodeIgniter\View\View->render()
 5 APPPATH\Views\ProductsViewAdmin.php(10): view()
 6 APPPATH\Controllers\ProductsEdit.php(16): App\Views\ProductsViewAdmin::PrBEG()
 7 SYSTEMPATH\CodeIgniter.php(941): App\Controllers\ProductsEdit->productsedit()
 8 SYSTEMPATH\CodeIgniter.php(502): CodeIgniter\CodeIgniter->runController()
 9 SYSTEMPATH\CodeIgniter.php(361): CodeIgniter\CodeIgniter->handleRequest()
10 FCPATH\index.php(79): CodeIgniter\CodeIgniter->run()
CRITICAL - 2024-05-01 10:34:02 --> ErrorException: Undefined variable: productsbeg
in APPPATH\Views\template\prbeg.php on line 3.
 1 APPPATH\Views\template\prbeg.php(3): CodeIgniter\Debug\Exceptions->errorHandler()
 2 SYSTEMPATH\View\View.php(228): include('C:\\Program Files\\Ampps\\www\\codelhomework-php\\app\\Views\\template\\prbeg.php')
 3 SYSTEMPATH\View\View.php(231): CodeIgniter\View\View->CodeIgniter\View\{closure}()
 4 SYSTEMPATH\Common.php(1178): CodeIgniter\View\View->render()
 5 APPPATH\Views\ProductsViewAdmin.php(10): view()
 6 APPPATH\Controllers\ProductsEdit.php(16): App\Views\ProductsViewAdmin::PrBEG()
 7 SYSTEMPATH\CodeIgniter.php(941): App\Controllers\ProductsEdit->productsedit()
 8 SYSTEMPATH\CodeIgniter.php(502): CodeIgniter\CodeIgniter->runController()
 9 SYSTEMPATH\CodeIgniter.php(361): CodeIgniter\CodeIgniter->handleRequest()
10 FCPATH\index.php(79): CodeIgniter\CodeIgniter->run()
CRITICAL - 2024-05-01 10:36:17 --> ErrorException: Undefined variable: productsbeg
in APPPATH\Views\template\prbeg.php on line 3.
 1 APPPATH\Views\template\prbeg.php(3): CodeIgniter\Debug\Exceptions->errorHandler()
 2 SYSTEMPATH\View\View.php(228): include('C:\\Program Files\\Ampps\\www\\codelhomework-php\\app\\Views\\template\\prbeg.php')
 3 SYSTEMPATH\View\View.php(231): CodeIgniter\View\View->CodeIgniter\View\{closure}()
 4 SYSTEMPATH\Common.php(1178): CodeIgniter\View\View->render()
 5 APPPATH\Views\ProductsViewAdmin.php(10): view()
 6 APPPATH\Controllers\ProductsEdit.php(16): App\Views\ProductsViewAdmin::PrBEG()
 7 SYSTEMPATH\CodeIgniter.php(941): App\Controllers\ProductsEdit->productsedit()
 8 SYSTEMPATH\CodeIgniter.php(502): CodeIgniter\CodeIgniter->runController()
 9 SYSTEMPATH\CodeIgniter.php(361): CodeIgniter\CodeIgniter->handleRequest()
10 FCPATH\index.php(79): CodeIgniter\CodeIgniter->run()
CRITICAL - 2024-05-01 10:38:22 --> ErrorException: Undefined variable: productsbeg
in APPPATH\Views\template\prbeg.php on line 3.
 1 APPPATH\Views\template\prbeg.php(3): CodeIgniter\Debug\Exceptions->errorHandler()
 2 SYSTEMPATH\View\View.php(228): include('C:\\Program Files\\Ampps\\www\\codelhomework-php\\app\\Views\\template\\prbeg.php')
 3 SYSTEMPATH\View\View.php(231): CodeIgniter\View\View->CodeIgniter\View\{closure}()
 4 SYSTEMPATH\Common.php(1178): CodeIgniter\View\View->render()
 5 APPPATH\Views\ProductsView.php(8): view()
 6 APPPATH\Controllers\Products.php(15): App\Views\ProductsView::PrBEG()
 7 SYSTEMPATH\CodeIgniter.php(941): App\Controllers\Products->products()
 8 SYSTEMPATH\CodeIgniter.php(502): CodeIgniter\CodeIgniter->runController()
 9 SYSTEMPATH\CodeIgniter.php(361): CodeIgniter\CodeIgniter->handleRequest()
10 FCPATH\index.php(79): CodeIgniter\CodeIgniter->run()
CRITICAL - 2024-05-01 10:38:41 --> ErrorException: Undefined variable: productsbeg
in APPPATH\Views\template\prbeg.php on line 3.
 1 APPPATH\Views\template\prbeg.php(3): CodeIgniter\Debug\Exceptions->errorHandler()
 2 SYSTEMPATH\View\View.php(228): include('C:\\Program Files\\Ampps\\www\\codelhomework-php\\app\\Views\\template\\prbeg.php')
 3 SYSTEMPATH\View\View.php(231): CodeIgniter\View\View->CodeIgniter\View\{closure}()
 4 SYSTEMPATH\Common.php(1178): CodeIgniter\View\View->render()
 5 APPPATH\Views\ProductsViewAdmin.php(10): view()
 6 APPPATH\Controllers\ProductsEdit.php(16): App\Views\ProductsViewAdmin::PrBEG()
 7 SYSTEMPATH\CodeIgniter.php(941): App\Controllers\ProductsEdit->productsedit()
 8 SYSTEMPATH\CodeIgniter.php(502): CodeIgniter\CodeIgniter->runController()
 9 SYSTEMPATH\CodeIgniter.php(361): CodeIgniter\CodeIgniter->handleRequest()
10 FCPATH\index.php(79): CodeIgniter\CodeIgniter->run()
CRITICAL - 2024-05-01 10:46:17 --> ArgumentCountError: Too few arguments to function App\Views\ProductsViewAdmin::PrBEG(), 0 passed in C:\Program Files\Ampps\www\codelhomework-php\app\Controllers\ProductsEdit.php on line 16 and exactly 1 expected
in APPPATH\Views\ProductsViewAdmin.php on line 8.
 1 APPPATH\Controllers\ProductsEdit.php(16): App\Views\ProductsViewAdmin::PrBEG()
 2 SYSTEMPATH\CodeIgniter.php(941): App\Controllers\ProductsEdit->productsedit()
 3 SYSTEMPATH\CodeIgniter.php(502): CodeIgniter\CodeIgniter->runController()
 4 SYSTEMPATH\CodeIgniter.php(361): CodeIgniter\CodeIgniter->handleRequest()
 5 FCPATH\index.php(79): CodeIgniter\CodeIgniter->run()
CRITICAL - 2024-05-01 10:47:19 --> ArgumentCountError: Too few arguments to function App\Views\ProductsViewAdmin::PrBEG(), 0 passed in C:\Program Files\Ampps\www\codelhomework-php\app\Controllers\ProductsEdit.php on line 16 and exactly 1 expected
in APPPATH\Views\ProductsViewAdmin.php on line 10.
 1 APPPATH\Controllers\ProductsEdit.php(16): App\Views\ProductsViewAdmin::PrBEG()
 2 SYSTEMPATH\CodeIgniter.php(941): App\Controllers\ProductsEdit->productsedit()
 3 SYSTEMPATH\CodeIgniter.php(502): CodeIgniter\CodeIgniter->runController()
 4 SYSTEMPATH\CodeIgniter.php(361): CodeIgniter\CodeIgniter->handleRequest()
 5 FCPATH\index.php(79): CodeIgniter\CodeIgniter->run()
CRITICAL - 2024-05-01 10:51:17 --> ArgumentCountError: Too few arguments to function App\Views\ProductsViewAdmin::PrBEG(), 0 passed in C:\Program Files\Ampps\www\codelhomework-php\app\Controllers\ProductsEdit.php on line 16 and exactly 1 expected
in APPPATH\Views\ProductsViewAdmin.php on line 11.
 1 APPPATH\Controllers\ProductsEdit.php(16): App\Views\ProductsViewAdmin::PrBEG()
 2 SYSTEMPATH\CodeIgniter.php(941): App\Controllers\ProductsEdit->productsedit()
 3 SYSTEMPATH\CodeIgniter.php(502): CodeIgniter\CodeIgniter->runController()
 4 SYSTEMPATH\CodeIgniter.php(361): CodeIgniter\CodeIgniter->handleRequest()
 5 FCPATH\index.php(79): CodeIgniter\CodeIgniter->run()
CRITICAL - 2024-05-01 10:52:44 --> ArgumentCountError: Too few arguments to function App\Views\ProductsViewAdmin::PrBEG(), 0 passed in C:\Program Files\Ampps\www\codelhomework-php\app\Controllers\ProductsEdit.php on line 16 and exactly 1 expected
in APPPATH\Views\ProductsViewAdmin.php on line 9.
 1 APPPATH\Controllers\ProductsEdit.php(16): App\Views\ProductsViewAdmin::PrBEG()
 2 SYSTEMPATH\CodeIgniter.php(941): App\Controllers\ProductsEdit->productsedit()
 3 SYSTEMPATH\CodeIgniter.php(502): CodeIgniter\CodeIgniter->runController()
 4 SYSTEMPATH\CodeIgniter.php(361): CodeIgniter\CodeIgniter->handleRequest()
 5 FCPATH\index.php(79): CodeIgniter\CodeIgniter->run()
CRITICAL - 2024-05-01 10:56:47 --> ArgumentCountError: Too few arguments to function App\Views\ProductsViewAdmin::PrBEG(), 0 passed in C:\Program Files\Ampps\www\codelhomework-php\app\Controllers\ProductsEdit.php on line 16 and exactly 1 expected
in APPPATH\Views\ProductsViewAdmin.php on line 11.
 1 APPPATH\Controllers\ProductsEdit.php(16): App\Views\ProductsViewAdmin::PrBEG()
 2 SYSTEMPATH\CodeIgniter.php(941): App\Controllers\ProductsEdit->productsedit()
 3 SYSTEMPATH\CodeIgniter.php(502): CodeIgniter\CodeIgniter->runController()
 4 SYSTEMPATH\CodeIgniter.php(361): CodeIgniter\CodeIgniter->handleRequest()
 5 FCPATH\index.php(79): CodeIgniter\CodeIgniter->run()
CRITICAL - 2024-05-01 10:57:26 --> ArgumentCountError: Too few arguments to function App\Views\ProductsViewAdmin::PrBEG(), 0 passed in C:\Program Files\Ampps\www\codelhomework-php\app\Controllers\ProductsEdit.php on line 16 and exactly 1 expected
in APPPATH\Views\ProductsViewAdmin.php on line 11.
 1 APPPATH\Controllers\ProductsEdit.php(16): App\Views\ProductsViewAdmin::PrBEG()
 2 SYSTEMPATH\CodeIgniter.php(941): App\Controllers\ProductsEdit->productsedit()
 3 SYSTEMPATH\CodeIgniter.php(502): CodeIgniter\CodeIgniter->runController()
 4 SYSTEMPATH\CodeIgniter.php(361): CodeIgniter\CodeIgniter->handleRequest()
 5 FCPATH\index.php(79): CodeIgniter\CodeIgniter->run()
CRITICAL - 2024-05-01 10:59:20 --> ArgumentCountError: Too few arguments to function App\Views\ProductsViewAdmin::PrBEG(), 0 passed in C:\Program Files\Ampps\www\codelhomework-php\app\Controllers\ProductsEdit.php on line 16 and exactly 1 expected
in APPPATH\Views\ProductsViewAdmin.php on line 11.
 1 APPPATH\Controllers\ProductsEdit.php(16): App\Views\ProductsViewAdmin::PrBEG()
 2 SYSTEMPATH\CodeIgniter.php(941): App\Controllers\ProductsEdit->productsedit()
 3 SYSTEMPATH\CodeIgniter.php(502): CodeIgniter\CodeIgniter->runController()
 4 SYSTEMPATH\CodeIgniter.php(361): CodeIgniter\CodeIgniter->handleRequest()
 5 FCPATH\index.php(79): CodeIgniter\CodeIgniter->run()
CRITICAL - 2024-05-01 11:00:15 --> ArgumentCountError: Too few arguments to function App\Views\ProductsViewAdmin::PrBEG(), 0 passed in C:\Program Files\Ampps\www\codelhomework-php\app\Controllers\ProductsEdit.php on line 16 and exactly 1 expected
in APPPATH\Views\ProductsViewAdmin.php on line 11.
 1 APPPATH\Controllers\ProductsEdit.php(16): App\Views\ProductsViewAdmin::PrBEG()
 2 SYSTEMPATH\CodeIgniter.php(941): App\Controllers\ProductsEdit->productsedit()
 3 SYSTEMPATH\CodeIgniter.php(502): CodeIgniter\CodeIgniter->runController()
 4 SYSTEMPATH\CodeIgniter.php(361): CodeIgniter\CodeIgniter->handleRequest()
 5 FCPATH\index.php(79): CodeIgniter\CodeIgniter->run()
CRITICAL - 2024-05-01 11:01:10 --> ArgumentCountError: Too few arguments to function App\Views\ProductsViewAdmin::PrBEG(), 0 passed in C:\Program Files\Ampps\www\codelhomework-php\app\Controllers\ProductsEdit.php on line 16 and exactly 1 expected
in APPPATH\Views\ProductsViewAdmin.php on line 10.
 1 APPPATH\Controllers\ProductsEdit.php(16): App\Views\ProductsViewAdmin::PrBEG()
 2 SYSTEMPATH\CodeIgniter.php(941): App\Controllers\ProductsEdit->productsedit()
 3 SYSTEMPATH\CodeIgniter.php(502): CodeIgniter\CodeIgniter->runController()
 4 SYSTEMPATH\CodeIgniter.php(361): CodeIgniter\CodeIgniter->handleRequest()
 5 FCPATH\index.php(79): CodeIgniter\CodeIgniter->run()
CRITICAL - 2024-05-01 11:02:15 --> ArgumentCountError: Too few arguments to function App\Views\ProductsViewAdmin::PrBEG(), 0 passed in C:\Program Files\Ampps\www\codelhomework-php\app\Controllers\ProductsEdit.php on line 16 and exactly 1 expected
in APPPATH\Views\ProductsViewAdmin.php on line 10.
 1 APPPATH\Controllers\ProductsEdit.php(16): App\Views\ProductsViewAdmin::PrBEG()
 2 SYSTEMPATH\CodeIgniter.php(941): App\Controllers\ProductsEdit->productsedit()
 3 SYSTEMPATH\CodeIgniter.php(502): CodeIgniter\CodeIgniter->runController()
 4 SYSTEMPATH\CodeIgniter.php(361): CodeIgniter\CodeIgniter->handleRequest()
 5 FCPATH\index.php(79): CodeIgniter\CodeIgniter->run()
CRITICAL - 2024-05-01 11:04:09 --> ErrorException: Undefined variable: productsbeg
in APPPATH\Controllers\ProductsEdit.php on line 16.
 1 APPPATH\Controllers\ProductsEdit.php(16): CodeIgniter\Debug\Exceptions->errorHandler()
 2 SYSTEMPATH\CodeIgniter.php(941): App\Controllers\ProductsEdit->productsedit()
 3 SYSTEMPATH\CodeIgniter.php(502): CodeIgniter\CodeIgniter->runController()
 4 SYSTEMPATH\CodeIgniter.php(361): CodeIgniter\CodeIgniter->handleRequest()
 5 FCPATH\index.php(79): CodeIgniter\CodeIgniter->run()
CRITICAL - 2024-05-01 11:06:51 --> ErrorException: Undefined variable: productsbeg
in APPPATH\Controllers\ProductsEdit.php on line 16.
 1 APPPATH\Controllers\ProductsEdit.php(16): CodeIgniter\Debug\Exceptions->errorHandler()
 2 SYSTEMPATH\CodeIgniter.php(941): App\Controllers\ProductsEdit->productsedit()
 3 SYSTEMPATH\CodeIgniter.php(502): CodeIgniter\CodeIgniter->runController()
 4 SYSTEMPATH\CodeIgniter.php(361): CodeIgniter\CodeIgniter->handleRequest()
 5 FCPATH\index.php(79): CodeIgniter\CodeIgniter->run()
CRITICAL - 2024-05-01 11:06:58 --> ErrorException: Undefined variable: productsbeg
in APPPATH\Controllers\Products.php on line 14.
 1 APPPATH\Controllers\Products.php(14): CodeIgniter\Debug\Exceptions->errorHandler()
 2 SYSTEMPATH\CodeIgniter.php(941): App\Controllers\Products->products()
 3 SYSTEMPATH\CodeIgniter.php(502): CodeIgniter\CodeIgniter->runController()
 4 SYSTEMPATH\CodeIgniter.php(361): CodeIgniter\CodeIgniter->handleRequest()
 5 FCPATH\index.php(79): CodeIgniter\CodeIgniter->run()
CRITICAL - 2024-05-01 11:10:58 --> ErrorException: Undefined variable: productsbeg
in APPPATH\Controllers\Products.php on line 14.
 1 APPPATH\Controllers\Products.php(14): CodeIgniter\Debug\Exceptions->errorHandler()
 2 SYSTEMPATH\CodeIgniter.php(941): App\Controllers\Products->products()
 3 SYSTEMPATH\CodeIgniter.php(502): CodeIgniter\CodeIgniter->runController()
 4 SYSTEMPATH\CodeIgniter.php(361): CodeIgniter\CodeIgniter->handleRequest()
 5 FCPATH\index.php(79): CodeIgniter\CodeIgniter->run()
CRITICAL - 2024-05-01 11:12:39 --> ErrorException: Undefined variable: productsbeg
in APPPATH\Controllers\Products.php on line 14.
 1 APPPATH\Controllers\Products.php(14): CodeIgniter\Debug\Exceptions->errorHandler()
 2 SYSTEMPATH\CodeIgniter.php(941): App\Controllers\Products->products()
 3 SYSTEMPATH\CodeIgniter.php(502): CodeIgniter\CodeIgniter->runController()
 4 SYSTEMPATH\CodeIgniter.php(361): CodeIgniter\CodeIgniter->handleRequest()
 5 FCPATH\index.php(79): CodeIgniter\CodeIgniter->run()
CRITICAL - 2024-05-01 11:12:41 --> ErrorException: Undefined variable: productsbeg
in APPPATH\Controllers\Products.php on line 14.
 1 APPPATH\Controllers\Products.php(14): CodeIgniter\Debug\Exceptions->errorHandler()
 2 SYSTEMPATH\CodeIgniter.php(941): App\Controllers\Products->products()
 3 SYSTEMPATH\CodeIgniter.php(502): CodeIgniter\CodeIgniter->runController()
 4 SYSTEMPATH\CodeIgniter.php(361): CodeIgniter\CodeIgniter->handleRequest()
 5 FCPATH\index.php(79): CodeIgniter\CodeIgniter->run()
CRITICAL - 2024-05-01 11:13:53 --> ErrorException: Undefined variable: productsbeg
in APPPATH\Controllers\Products.php on line 14.
 1 APPPATH\Controllers\Products.php(14): CodeIgniter\Debug\Exceptions->errorHandler()
 2 SYSTEMPATH\CodeIgniter.php(941): App\Controllers\Products->products()
 3 SYSTEMPATH\CodeIgniter.php(502): CodeIgniter\CodeIgniter->runController()
 4 SYSTEMPATH\CodeIgniter.php(361): CodeIgniter\CodeIgniter->handleRequest()
 5 FCPATH\index.php(79): CodeIgniter\CodeIgniter->run()
CRITICAL - 2024-05-01 11:18:33 --> ErrorException: Undefined variable: productsbeg
in APPPATH\Controllers\Products.php on line 14.
 1 APPPATH\Controllers\Products.php(14): CodeIgniter\Debug\Exceptions->errorHandler()
 2 SYSTEMPATH\CodeIgniter.php(941): App\Controllers\Products->products()
 3 SYSTEMPATH\CodeIgniter.php(502): CodeIgniter\CodeIgniter->runController()
 4 SYSTEMPATH\CodeIgniter.php(361): CodeIgniter\CodeIgniter->handleRequest()
 5 FCPATH\index.php(79): CodeIgniter\CodeIgniter->run()
CRITICAL - 2024-05-01 11:18:36 --> ErrorException: Undefined variable: productsbeg
in APPPATH\Controllers\Products.php on line 14.
 1 APPPATH\Controllers\Products.php(14): CodeIgniter\Debug\Exceptions->errorHandler()
 2 SYSTEMPATH\CodeIgniter.php(941): App\Controllers\Products->products()
 3 SYSTEMPATH\CodeIgniter.php(502): CodeIgniter\CodeIgniter->runController()
 4 SYSTEMPATH\CodeIgniter.php(361): CodeIgniter\CodeIgniter->handleRequest()
 5 FCPATH\index.php(79): CodeIgniter\CodeIgniter->run()
CRITICAL - 2024-05-01 11:19:53 --> Error: Call to a member function findAll() on null
in APPPATH\Controllers\Products.php on line 15.
 1 SYSTEMPATH\CodeIgniter.php(941): App\Controllers\Products->products()
 2 SYSTEMPATH\CodeIgniter.php(502): CodeIgniter\CodeIgniter->runController()
 3 SYSTEMPATH\CodeIgniter.php(361): CodeIgniter\CodeIgniter->handleRequest()
 4 FCPATH\index.php(79): CodeIgniter\CodeIgniter->run()
CRITICAL - 2024-05-01 11:23:06 --> Error: Call to a member function findAll() on null
in APPPATH\Controllers\Products.php on line 16.
 1 SYSTEMPATH\CodeIgniter.php(941): App\Controllers\Products->products()
 2 SYSTEMPATH\CodeIgniter.php(502): CodeIgniter\CodeIgniter->runController()
 3 SYSTEMPATH\CodeIgniter.php(361): CodeIgniter\CodeIgniter->handleRequest()
 4 FCPATH\index.php(79): CodeIgniter\CodeIgniter->run()
CRITICAL - 2024-05-01 11:25:26 --> Error: Call to a member function findAll() on null
in APPPATH\Controllers\Products.php on line 16.
 1 SYSTEMPATH\CodeIgniter.php(941): App\Controllers\Products->products()
 2 SYSTEMPATH\CodeIgniter.php(502): CodeIgniter\CodeIgniter->runController()
 3 SYSTEMPATH\CodeIgniter.php(361): CodeIgniter\CodeIgniter->handleRequest()
 4 FCPATH\index.php(79): CodeIgniter\CodeIgniter->run()
CRITICAL - 2024-05-01 11:26:45 --> Error: Call to a member function findAll() on null
in APPPATH\Controllers\Products.php on line 16.
 1 SYSTEMPATH\CodeIgniter.php(941): App\Controllers\Products->products()
 2 SYSTEMPATH\CodeIgniter.php(502): CodeIgniter\CodeIgniter->runController()
 3 SYSTEMPATH\CodeIgniter.php(361): CodeIgniter\CodeIgniter->handleRequest()
 4 FCPATH\index.php(79): CodeIgniter\CodeIgniter->run()
CRITICAL - 2024-05-01 11:27:25 --> Error: Call to a member function findAll() on null
in APPPATH\Controllers\Products.php on line 16.
 1 SYSTEMPATH\CodeIgniter.php(941): App\Controllers\Products->products()
 2 SYSTEMPATH\CodeIgniter.php(502): CodeIgniter\CodeIgniter->runController()
 3 SYSTEMPATH\CodeIgniter.php(361): CodeIgniter\CodeIgniter->handleRequest()
 4 FCPATH\index.php(79): CodeIgniter\CodeIgniter->run()
CRITICAL - 2024-05-01 11:28:42 --> Error: Call to a member function findAll() on null
in APPPATH\Controllers\Products.php on line 16.
 1 SYSTEMPATH\CodeIgniter.php(941): App\Controllers\Products->products()
 2 SYSTEMPATH\CodeIgniter.php(502): CodeIgniter\CodeIgniter->runController()
 3 SYSTEMPATH\CodeIgniter.php(361): CodeIgniter\CodeIgniter->handleRequest()
 4 FCPATH\index.php(79): CodeIgniter\CodeIgniter->run()
CRITICAL - 2024-05-01 11:33:01 --> Error: Call to a member function findAll() on null
in APPPATH\Controllers\Products.php on line 16.
 1 SYSTEMPATH\CodeIgniter.php(941): App\Controllers\Products->products()
 2 SYSTEMPATH\CodeIgniter.php(502): CodeIgniter\CodeIgniter->runController()
 3 SYSTEMPATH\CodeIgniter.php(361): CodeIgniter\CodeIgniter->handleRequest()
 4 FCPATH\index.php(79): CodeIgniter\CodeIgniter->run()
CRITICAL - 2024-05-01 11:34:03 --> Error: Call to a member function findAll() on null
in APPPATH\Controllers\Products.php on line 16.
 1 SYSTEMPATH\CodeIgniter.php(941): App\Controllers\Products->products()
 2 SYSTEMPATH\CodeIgniter.php(502): CodeIgniter\CodeIgniter->runController()
 3 SYSTEMPATH\CodeIgniter.php(361): CodeIgniter\CodeIgniter->handleRequest()
 4 FCPATH\index.php(79): CodeIgniter\CodeIgniter->run()
CRITICAL - 2024-05-01 11:38:18 --> Error: Call to a member function findAll() on null
in APPPATH\Controllers\Products.php on line 16.
 1 SYSTEMPATH\CodeIgniter.php(941): App\Controllers\Products->products()
 2 SYSTEMPATH\CodeIgniter.php(502): CodeIgniter\CodeIgniter->runController()
 3 SYSTEMPATH\CodeIgniter.php(361): CodeIgniter\CodeIgniter->handleRequest()
 4 FCPATH\index.php(79): CodeIgniter\CodeIgniter->run()
CRITICAL - 2024-05-01 11:39:05 --> Error: Call to a member function findAll() on null
in APPPATH\Controllers\Products.php on line 16.
 1 SYSTEMPATH\CodeIgniter.php(941): App\Controllers\Products->products()
 2 SYSTEMPATH\CodeIgniter.php(502): CodeIgniter\CodeIgniter->runController()
 3 SYSTEMPATH\CodeIgniter.php(361): CodeIgniter\CodeIgniter->handleRequest()
 4 FCPATH\index.php(79): CodeIgniter\CodeIgniter->run()
CRITICAL - 2024-05-01 11:39:24 --> Error: Call to a member function findAll() on null
in APPPATH\Controllers\Products.php on line 16.
 1 SYSTEMPATH\CodeIgniter.php(941): App\Controllers\Products->products()
 2 SYSTEMPATH\CodeIgniter.php(502): CodeIgniter\CodeIgniter->runController()
 3 SYSTEMPATH\CodeIgniter.php(361): CodeIgniter\CodeIgniter->handleRequest()
 4 FCPATH\index.php(79): CodeIgniter\CodeIgniter->run()
CRITICAL - 2024-05-01 11:40:50 --> Error: Call to a member function findAll() on null
in APPPATH\Controllers\Products.php on line 16.
 1 SYSTEMPATH\CodeIgniter.php(941): App\Controllers\Products->products()
 2 SYSTEMPATH\CodeIgniter.php(502): CodeIgniter\CodeIgniter->runController()
 3 SYSTEMPATH\CodeIgniter.php(361): CodeIgniter\CodeIgniter->handleRequest()
 4 FCPATH\index.php(79): CodeIgniter\CodeIgniter->run()
CRITICAL - 2024-05-01 11:48:07 --> Error: Call to a member function findAll() on null
in APPPATH\Controllers\Products.php on line 16.
 1 SYSTEMPATH\CodeIgniter.php(941): App\Controllers\Products->products()
 2 SYSTEMPATH\CodeIgniter.php(502): CodeIgniter\CodeIgniter->runController()
 3 SYSTEMPATH\CodeIgniter.php(361): CodeIgniter\CodeIgniter->handleRequest()
 4 FCPATH\index.php(79): CodeIgniter\CodeIgniter->run()
CRITICAL - 2024-05-01 11:49:04 --> Error: Call to a member function findAll() on null
in APPPATH\Controllers\Products.php on line 16.
 1 SYSTEMPATH\CodeIgniter.php(941): App\Controllers\Products->products()
 2 SYSTEMPATH\CodeIgniter.php(502): CodeIgniter\CodeIgniter->runController()
 3 SYSTEMPATH\CodeIgniter.php(361): CodeIgniter\CodeIgniter->handleRequest()
 4 FCPATH\index.php(79): CodeIgniter\CodeIgniter->run()
CRITICAL - 2024-05-01 11:50:33 --> Error: Call to a member function findAll() on null
in APPPATH\Controllers\Products.php on line 16.
 1 SYSTEMPATH\CodeIgniter.php(941): App\Controllers\Products->products()
 2 SYSTEMPATH\CodeIgniter.php(502): CodeIgniter\CodeIgniter->runController()
 3 SYSTEMPATH\CodeIgniter.php(361): CodeIgniter\CodeIgniter->handleRequest()
 4 FCPATH\index.php(79): CodeIgniter\CodeIgniter->run()
CRITICAL - 2024-05-01 11:53:03 --> Error: Call to a member function findAll() on null
in APPPATH\Controllers\Products.php on line 16.
 1 SYSTEMPATH\CodeIgniter.php(941): App\Controllers\Products->products()
 2 SYSTEMPATH\CodeIgniter.php(502): CodeIgniter\CodeIgniter->runController()
 3 SYSTEMPATH\CodeIgniter.php(361): CodeIgniter\CodeIgniter->handleRequest()
 4 FCPATH\index.php(79): CodeIgniter\CodeIgniter->run()
CRITICAL - 2024-05-01 11:54:35 --> Error: Call to a member function findAll() on null
in APPPATH\Controllers\Products.php on line 16.
 1 SYSTEMPATH\CodeIgniter.php(941): App\Controllers\Products->products()
 2 SYSTEMPATH\CodeIgniter.php(502): CodeIgniter\CodeIgniter->runController()
 3 SYSTEMPATH\CodeIgniter.php(361): CodeIgniter\CodeIgniter->handleRequest()
 4 FCPATH\index.php(79): CodeIgniter\CodeIgniter->run()
CRITICAL - 2024-05-01 11:59:57 --> Error: Call to a member function findAll() on null
in APPPATH\Controllers\Products.php on line 16.
 1 SYSTEMPATH\CodeIgniter.php(941): App\Controllers\Products->products()
 2 SYSTEMPATH\CodeIgniter.php(502): CodeIgniter\CodeIgniter->runController()
 3 SYSTEMPATH\CodeIgniter.php(361): CodeIgniter\CodeIgniter->handleRequest()
 4 FCPATH\index.php(79): CodeIgniter\CodeIgniter->run()
CRITICAL - 2024-05-01 12:01:23 --> ErrorException: Undefined variable: productsbeg
in APPPATH\Controllers\Products.php on line 20.
 1 APPPATH\Controllers\Products.php(20): CodeIgniter\Debug\Exceptions->errorHandler()
 2 SYSTEMPATH\CodeIgniter.php(941): App\Controllers\Products->products()
 3 SYSTEMPATH\CodeIgniter.php(502): CodeIgniter\CodeIgniter->runController()
 4 SYSTEMPATH\CodeIgniter.php(361): CodeIgniter\CodeIgniter->handleRequest()
 5 FCPATH\index.php(79): CodeIgniter\CodeIgniter->run()
CRITICAL - 2024-05-01 12:02:25 --> Error: Call to a member function findAll() on null
in APPPATH\Controllers\Products.php on line 16.
 1 SYSTEMPATH\CodeIgniter.php(941): App\Controllers\Products->products()
 2 SYSTEMPATH\CodeIgniter.php(502): CodeIgniter\CodeIgniter->runController()
 3 SYSTEMPATH\CodeIgniter.php(361): CodeIgniter\CodeIgniter->handleRequest()
 4 FCPATH\index.php(79): CodeIgniter\CodeIgniter->run()
CRITICAL - 2024-05-01 12:05:15 --> Error: Call to a member function findAll() on null
in APPPATH\Controllers\Products.php on line 16.
 1 SYSTEMPATH\CodeIgniter.php(941): App\Controllers\Products->products()
 2 SYSTEMPATH\CodeIgniter.php(502): CodeIgniter\CodeIgniter->runController()
 3 SYSTEMPATH\CodeIgniter.php(361): CodeIgniter\CodeIgniter->handleRequest()
 4 FCPATH\index.php(79): CodeIgniter\CodeIgniter->run()
CRITICAL - 2024-05-01 12:05:36 --> Error: Call to a member function findAll() on null
in APPPATH\Controllers\Products.php on line 16.
 1 SYSTEMPATH\CodeIgniter.php(941): App\Controllers\Products->products()
 2 SYSTEMPATH\CodeIgniter.php(502): CodeIgniter\CodeIgniter->runController()
 3 SYSTEMPATH\CodeIgniter.php(361): CodeIgniter\CodeIgniter->handleRequest()
 4 FCPATH\index.php(79): CodeIgniter\CodeIgniter->run()
CRITICAL - 2024-05-01 12:06:10 --> Error: Call to a member function findAll() on null
in APPPATH\Controllers\Products.php on line 16.
 1 SYSTEMPATH\CodeIgniter.php(941): App\Controllers\Products->products()
 2 SYSTEMPATH\CodeIgniter.php(502): CodeIgniter\CodeIgniter->runController()
 3 SYSTEMPATH\CodeIgniter.php(361): CodeIgniter\CodeIgniter->handleRequest()
 4 FCPATH\index.php(79): CodeIgniter\CodeIgniter->run()
CRITICAL - 2024-05-01 12:07:19 --> Error: Call to a member function findAll() on null
in APPPATH\Controllers\Products.php on line 16.
 1 SYSTEMPATH\CodeIgniter.php(941): App\Controllers\Products->products()
 2 SYSTEMPATH\CodeIgniter.php(502): CodeIgniter\CodeIgniter->runController()
 3 SYSTEMPATH\CodeIgniter.php(361): CodeIgniter\CodeIgniter->handleRequest()
 4 FCPATH\index.php(79): CodeIgniter\CodeIgniter->run()
INFO - 2024-05-01 12:45:06 --> Session: Class initialized using 'CodeIgniter\Session\Handlers\FileHandler' driver.
INFO - 2024-05-01 12:45:06 --> Session: Class initialized using 'CodeIgniter\Session\Handlers\FileHandler' driver.
INFO - 2024-05-01 12:45:18 --> Session: Class initialized using 'CodeIgniter\Session\Handlers\FileHandler' driver.
INFO - 2024-05-01 12:56:37 --> Session: Class initialized using 'CodeIgniter\Session\Handlers\FileHandler' driver.
INFO - 2024-05-01 12:56:37 --> Session: Class initialized using 'CodeIgniter\Session\Handlers\FileHandler' driver.
INFO - 2024-05-01 12:56:46 --> Session: Class initialized using 'CodeIgniter\Session\Handlers\FileHandler' driver.
